This is TeX, Version 2.0 for UNIX (preloaded format=lplain 86.11.25)  12 FEB 1987 13:00
**\nonstopmode\input mh6.tex 
(mh6.tex (lcustom.tex (trademark.tex)) (version.tex
Version #1.36 of Tue Nov 12 10:50:55 PST 1985
) (/usr/uci/lib/tex82/article.sty
Document Style 'article'. Released 23 September 1985
(/usr/uci/lib/tex82/art12.sty)
\c@part=\count78
\c@section=\count79
\c@subsection=\count80
\c@subsubsection=\count81
\c@paragraph=\count82
\c@subparagraph=\count83
\c@figure=\count84
\c@table=\count85
) (sfwmac.sty
Document Style 'sfwmac'. Version 1.00 - released 17 June 1985
) (mh6.aux) [0

] [1] [2] [3] [4] [5] [6] [7] [8]
Overfull \vbox (0.69159pt too high) has occurred while \output is active
\vbox(536.5+0.0)x390.0, glue set - 1.0
.\glue(\topskip) 0.00002
.\hbox(9.99998+0.0)x390.0, glue set 209.56729fil
..\hbox(0.0+0.0)x0.0
...\glue 0.0
..\frtnbf V
..\frtnbf i
..\frtnbf s
..\frtnbf u
..etc.
.\penalty 10000
.\glue 7.74998 plus 1.03331
.\glue(\parskip) 0.0 plus 1.0
.etc.


[9] [10] [11] [12] (mh6.bbl)
LaTeX summary: no figures, no tables, 6 footnotes.
[13] (mh6.aux)
Output written on mh6.dvi (14 pages, 30816 bytes).
