cc -O -c namtyp.c
ar cr Cf depict.o send12.o rcur12.o raw.o cooked.o realio.o getfd.o ntype.o ctype.o namtyp.o
ranlib Cf
rm *.o
mv Cf /usr/lib/libCf.a
f77   -O -I2 -c depict.f
depict.f:
   depict:
   assess:
cc -O -c send12.c
cc -O -c rcur12.c
cc -O -c sendeg.c
cc -O -c chrbig.c
cc -O -c raw.c
cc -O -c cooked.c
cc -O -c realio.c
cc -O -c getfd.c
cc -O -c ntype.c
cc -O -c ctype.c
cc -O -c namtyp.c
ar cr Cf depict.o send12.o rcur12.o sendeg.o chrbig.o raw.o cooked.o realio.o getfd.o ntype.o ctype.o namtyp.o
ranlib Cf
rm *.o
mv Cf /usr/lib/libCf.a
