			IBM PC function keys in MicroEmacs

	function	Function	^function	Alt-function
 f1)	  FN;		  FNT		  FN^		  FNh
 f2)	  FN<		  FNU		  FN_		  FNi
 f3)	  FN=		  FNV		  FN`		  FNj
 f4)	  FN>		  FNW		  FNa		  FNk
 f5)	  FN?		  FNX		  FNb		  FNl
 f6)	  FN@		  FNY		  FNc		  FNm
 f7)	  FNA		  FNZ		  FNd		  FNn
 f8)	  FNB		  FN[		  FNe		  FNo
 f9)	  FNC		  FN\		  FNf		  FNp
f10)	  FND		  FN]		  FNg		  FNq

home)	  FNG				  FNw
CuUp)	  FNH
PgUp)	  FNI				  FN^D {Alt 132}
CuLf)	  FNK				  FNs
 5  )
CuRt)	  FNM				  FNt
 End)	  FNO				  FNu
CuDn)	  FNP
PgDn)	  FNQ				  FNv
 Ins)	  FNR
 Del)	  FNS
