	cc  -O  -DUSG -Dindex=strchr -Drindex=strrchr -DRNEWS=\"/usr/bin/rnews\" -DSPOOLDIR=\"/usr/spool/news\"  -DBATCHDIR=\"/usr/spool/batch\" -DLIBDIR=\"/usr/lib/news\"  -DBINDIR=\"/usr/bin\" -DNEWSUSR=\"news\"  -DNEWSGRP=\"news\" -DSCCSID -Dvfork=fork -c inews.c
	cc  -O  -DUSG -Dindex=strchr -Drindex=strrchr -DRNEWS=\"/usr/bin/rnews\" -DSPOOLDIR=\"/usr/spool/news\"  -DBATCHDIR=\"/usr/spool/batch\" -DLIBDIR=\"/usr/lib/news\"  -DBINDIR=\"/usr/bin\" -DNEWSUSR=\"news\"  -DNEWSGRP=\"news\" -DSCCSID -Dvfork=fork  -c ifuncs.c
	cc  -O  -DUSG -Dindex=strchr -Drindex=strrchr -DRNEWS=\"/usr/bin/rnews\" -DSPOOLDIR=\"/usr/spool/news\"  -DBATCHDIR=\"/usr/spool/batch\" -DLIBDIR=\"/usr/lib/news\"  -DBINDIR=\"/usr/bin\" -DNEWSUSR=\"news\"  -DNEWSGRP=\"news\" -DSCCSID -Dvfork=fork  -c iextern.c
	cc  -O  -DUSG -Dindex=strchr -Drindex=strrchr -DRNEWS=\"/usr/bin/rnews\" -DSPOOLDIR=\"/usr/spool/news\"  -DBATCHDIR=\"/usr/spool/batch\" -DLIBDIR=\"/usr/lib/news\"  -DBINDIR=\"/usr/bin\" -DNEWSUSR=\"news\"  -DNEWSGRP=\"news\" -DSCCSID -Dvfork=fork -c control.c
	cc  -O  -DUSG -Dindex=strchr -Drindex=strrchr -DRNEWS=\"/usr/bin/rnews\" -DSPOOLDIR=\"/usr/spool/news\"  -DBATCHDIR=\"/usr/spool/batch\" -DLIBDIR=\"/usr/lib/news\"  -DBINDIR=\"/usr/bin\" -DNEWSUSR=\"news\"  -DNEWSGRP=\"news\" -DSCCSID -Dvfork=fork -c fullname.c
	cc  -O  -DUSG -Dindex=strchr -Drindex=strrchr -DRNEWS=\"/usr/bin/rnews\" -DSPOOLDIR=\"/usr/spool/news\"  -DBATCHDIR=\"/usr/spool/batch\" -DLIBDIR=\"/usr/lib/news\"  -DBINDIR=\"/usr/bin\" -DNEWSUSR=\"news\"  -DNEWSGRP=\"news\" -DSCCSID -Dvfork=fork  -DINEW -c pathinit.c
	mv pathinit.o ipathinit.o
	cc  -O  -DUSG -Dindex=strchr -Drindex=strrchr -DRNEWS=\"/usr/bin/rnews\" -DSPOOLDIR=\"/usr/spool/news\"  -DBATCHDIR=\"/usr/spool/batch\" -DLIBDIR=\"/usr/lib/news\"  -DBINDIR=\"/usr/bin\" -DNEWSUSR=\"news\"  -DNEWSGRP=\"news\" -DSCCSID -Dvfork=fork -c funcs.c
	cc  -O  -DUSG -Dindex=strchr -Drindex=strrchr -DRNEWS=\"/usr/bin/rnews\" -DSPOOLDIR=\"/usr/spool/news\"  -DBATCHDIR=\"/usr/spool/batch\" -DLIBDIR=\"/usr/lib/news\"  -DBINDIR=\"/usr/bin\" -DNEWSUSR=\"news\"  -DNEWSGRP=\"news\" -DSCCSID -Dvfork=fork -c funcs2.c
expect 8 shift/reduce conflicts
	yacc getdate.y

conflicts: 8 shift/reduce
	mv y.tab.c getdate.c
	cc  -O  -DUSG -Dindex=strchr -Drindex=strrchr -DRNEWS=\"/usr/bin/rnews\" -DSPOOLDIR=\"/usr/spool/news\"  -DBATCHDIR=\"/usr/spool/batch\" -DLIBDIR=\"/usr/lib/news\"  -DBINDIR=\"/usr/bin\" -DNEWSUSR=\"news\"  -DNEWSGRP=\"news\" -DSCCSID -Dvfork=fork -c getdate.c
	rm -f getdate.c
	cc  -O  -DUSG -Dindex=strchr -Drindex=strrchr -DRNEWS=\"/usr/bin/rnews\" -DSPOOLDIR=\"/usr/spool/news\"  -DBATCHDIR=\"/usr/spool/batch\" -DLIBDIR=\"/usr/lib/news\"  -DBINDIR=\"/usr/bin\" -DNEWSUSR=\"news\"  -DNEWSGRP=\"news\" -DSCCSID -Dvfork=fork -c header.c
	cc  -O  -DUSG -Dindex=strchr -Drindex=strrchr -DRNEWS=\"/usr/bin/rnews\" -DSPOOLDIR=\"/usr/spool/news\"  -DBATCHDIR=\"/usr/spool/batch\" -DLIBDIR=\"/usr/lib/news\"  -DBINDIR=\"/usr/bin\" -DNEWSUSR=\"news\"  -DNEWSGRP=\"news\" -DSCCSID -Dvfork=fork -c ndir.c
	cc  -O  -DUSG -Dindex=strchr -Drindex=strrchr -DRNEWS=\"/usr/bin/rnews\" -DSPOOLDIR=\"/usr/spool/news\"  -DBATCHDIR=\"/usr/spool/batch\" -DLIBDIR=\"/usr/lib/news\"  -DBINDIR=\"/usr/bin\" -DNEWSUSR=\"news\"  -DNEWSGRP=\"news\" -DSCCSID -Dvfork=fork -c ftime.c
	cc  -s -i  inews.o ifuncs.o iextern.o control.o fullname.o  ipathinit.o funcs.o funcs2.o getdate.o header.o ndir.o ftime.o -o inews   
	cc  -O  -DUSG -Dindex=strchr -Drindex=strrchr -DRNEWS=\"/usr/bin/rnews\" -DSPOOLDIR=\"/usr/spool/news\"  -DBATCHDIR=\"/usr/spool/batch\" -DLIBDIR=\"/usr/lib/news\"  -DBINDIR=\"/usr/bin\" -DNEWSUSR=\"news\"  -DNEWSGRP=\"news\" -DSCCSID -Dvfork=fork  -s -i  uurec.c -o uurec
	cc  -O  -DUSG -Dindex=strchr -Drindex=strrchr -DRNEWS=\"/usr/bin/rnews\" -DSPOOLDIR=\"/usr/spool/news\"  -DBATCHDIR=\"/usr/spool/batch\" -DLIBDIR=\"/usr/lib/news\"  -DBINDIR=\"/usr/bin\" -DNEWSUSR=\"news\"  -DNEWSGRP=\"news\" -DSCCSID -Dvfork=fork  -s -i  recnews.c -o recnews
	cc  -O  -DUSG -Dindex=strchr -Drindex=strrchr -DRNEWS=\"/usr/bin/rnews\" -DSPOOLDIR=\"/usr/spool/news\"  -DBATCHDIR=\"/usr/spool/batch\" -DLIBDIR=\"/usr/lib/news\"  -DBINDIR=\"/usr/bin\" -DNEWSUSR=\"news\"  -DNEWSGRP=\"news\" -DSCCSID -Dvfork=fork -c sendnews.c
	cc  -s -i  sendnews.o -o sendnews
	cc  -O  -DUSG -Dindex=strchr -Drindex=strrchr -DRNEWS=\"/usr/bin/rnews\" -DSPOOLDIR=\"/usr/spool/news\"  -DBATCHDIR=\"/usr/spool/batch\" -DLIBDIR=\"/usr/lib/news\"  -DBINDIR=\"/usr/bin\" -DNEWSUSR=\"news\"  -DNEWSGRP=\"news\" -DSCCSID -Dvfork=fork -c expire.c
	cc  -O  -DUSG -Dindex=strchr -Drindex=strrchr -DRNEWS=\"/usr/bin/rnews\" -DSPOOLDIR=\"/usr/spool/news\"  -DBATCHDIR=\"/usr/spool/batch\" -DLIBDIR=\"/usr/lib/news\"  -DBINDIR=\"/usr/bin\" -DNEWSUSR=\"news\"  -DNEWSGRP=\"news\" -DSCCSID -Dvfork=fork  -DEXP -c pathinit.c
	mv pathinit.o epathinit.o
	cc  -s -i  -o expire expire.o header.o funcs.o getdate.o iextern.o epathinit.o  funcs2.o ndir.o ftime.o 
	cc  -O  -DUSG -Dindex=strchr -Drindex=strrchr -DRNEWS=\"/usr/bin/rnews\" -DSPOOLDIR=\"/usr/spool/news\"  -DBATCHDIR=\"/usr/spool/batch\" -DLIBDIR=\"/usr/lib/news\"  -DBINDIR=\"/usr/bin\" -DNEWSUSR=\"news\"  -DNEWSGRP=\"news\" -DSCCSID -Dvfork=fork  -s -i  batch.c -o batch
	cc  -O  -DUSG -Dindex=strchr -Drindex=strrchr -DRNEWS=\"/usr/bin/rnews\" -DSPOOLDIR=\"/usr/spool/news\"  -DBATCHDIR=\"/usr/spool/batch\" -DLIBDIR=\"/usr/lib/news\"  -DBINDIR=\"/usr/bin\" -DNEWSUSR=\"news\"  -DNEWSGRP=\"news\" -DSCCSID -Dvfork=fork  -s -i  unbatch.c -o unbatch
	cc  -O  -DUSG -Dindex=strchr -Drindex=strrchr -DRNEWS=\"/usr/bin/rnews\" -DSPOOLDIR=\"/usr/spool/news\"  -DBATCHDIR=\"/usr/spool/batch\" -DLIBDIR=\"/usr/lib/news\"  -DBINDIR=\"/usr/bin\" -DNEWSUSR=\"news\"  -DNEWSGRP=\"news\" -DSCCSID -Dvfork=fork  -s -i  caesar.c -o caesar -lm
	cc  -O  -DUSG -Dindex=strchr -Drindex=strrchr -DRNEWS=\"/usr/bin/rnews\" -DSPOOLDIR=\"/usr/spool/news\"  -DBATCHDIR=\"/usr/spool/batch\" -DLIBDIR=\"/usr/lib/news\"  -DBINDIR=\"/usr/bin\" -DNEWSUSR=\"news\"  -DNEWSGRP=\"news\" -DSCCSID -Dvfork=fork  -s -i  recmail.c -o recmail
	cc  -O  -DUSG -Dindex=strchr -Drindex=strrchr -DRNEWS=\"/usr/bin/rnews\" -DSPOOLDIR=\"/usr/spool/news\"  -DBATCHDIR=\"/usr/spool/batch\" -DLIBDIR=\"/usr/lib/news\"  -DBINDIR=\"/usr/bin\" -DNEWSUSR=\"news\"  -DNEWSGRP=\"news\" -DSCCSID -Dvfork=fork  -s -i  encode.c -o encode
	cc  -O  -DUSG -Dindex=strchr -Drindex=strrchr -DRNEWS=\"/usr/bin/rnews\" -DSPOOLDIR=\"/usr/spool/news\"  -DBATCHDIR=\"/usr/spool/batch\" -DLIBDIR=\"/usr/lib/news\"  -DBINDIR=\"/usr/bin\" -DNEWSUSR=\"news\"  -DNEWSGRP=\"news\" -DSCCSID -Dvfork=fork  -s -i  decode.c -o decode
	cc  -O  -DUSG -Dindex=strchr -Drindex=strrchr -DRNEWS=\"/usr/bin/rnews\" -DSPOOLDIR=\"/usr/spool/news\"  -DBATCHDIR=\"/usr/spool/batch\" -DLIBDIR=\"/usr/lib/news\"  -DBINDIR=\"/usr/bin\" -DNEWSUSR=\"news\"  -DNEWSGRP=\"news\" -DSCCSID -Dvfork=fork  -s -i  -o compress compress.c
	sed -e "s%LIBDIR%/usr/lib/news%g" \
	 -e "s%UUXFLAGS%-r -z -gd%g" \
	 -e "s%BATCHDIR%/usr/spool/batch%g" sendbatch.sh > sendbatch
	sed -e "s%LIBDIR%/usr/lib/news%g" \
	 -e "s%FIXACTIVE%%g" \
	 -e "s%SPOOLDIR%/usr/spool/news%g" rmgroup.sh > rmgroup
	sed -e "s%LIBDIR%/usr/lib/news%g" checkgroups.sh > checkgroups
	cc  -O  -DUSG -Dindex=strchr -Drindex=strrchr -DRNEWS=\"/usr/bin/rnews\" -DSPOOLDIR=\"/usr/spool/news\"  -DBATCHDIR=\"/usr/spool/batch\" -DLIBDIR=\"/usr/lib/news\"  -DBINDIR=\"/usr/bin\" -DNEWSUSR=\"news\"  -DNEWSGRP=\"news\" -DSCCSID -Dvfork=fork  -c readnews.c
	cc  -O  -DUSG -Dindex=strchr -Drindex=strrchr -DRNEWS=\"/usr/bin/rnews\" -DSPOOLDIR=\"/usr/spool/news\"  -DBATCHDIR=\"/usr/spool/batch\" -DLIBDIR=\"/usr/lib/news\"  -DBINDIR=\"/usr/bin\" -DNEWSUSR=\"news\"  -DNEWSGRP=\"news\" -DSCCSID -Dvfork=fork -c rfuncs.c
	cc  -O  -DUSG -Dindex=strchr -Drindex=strrchr -DRNEWS=\"/usr/bin/rnews\" -DSPOOLDIR=\"/usr/spool/news\"  -DBATCHDIR=\"/usr/spool/batch\" -DLIBDIR=\"/usr/lib/news\"  -DBINDIR=\"/usr/bin\" -DNEWSUSR=\"news\"  -DNEWSGRP=\"news\" -DSCCSID -Dvfork=fork -c rfuncs2.c
	cc  -O  -DUSG -Dindex=strchr -Drindex=strrchr -DRNEWS=\"/usr/bin/rnews\" -DSPOOLDIR=\"/usr/spool/news\"  -DBATCHDIR=\"/usr/spool/batch\" -DLIBDIR=\"/usr/lib/news\"  -DBINDIR=\"/usr/bin\" -DNEWSUSR=\"news\"  -DNEWSGRP=\"news\" -DSCCSID -Dvfork=fork -c rextern.c
	cc  -O  -DUSG -Dindex=strchr -Drindex=strrchr -DRNEWS=\"/usr/bin/rnews\" -DSPOOLDIR=\"/usr/spool/news\"  -DBATCHDIR=\"/usr/spool/batch\" -DLIBDIR=\"/usr/lib/news\"  -DBINDIR=\"/usr/bin\" -DNEWSUSR=\"news\"  -DNEWSGRP=\"news\" -DSCCSID -Dvfork=fork -c readr.c
	cc  -O  -DUSG -Dindex=strchr -Drindex=strrchr -DRNEWS=\"/usr/bin/rnews\" -DSPOOLDIR=\"/usr/spool/news\"  -DBATCHDIR=\"/usr/spool/batch\" -DLIBDIR=\"/usr/lib/news\"  -DBINDIR=\"/usr/bin\" -DNEWSUSR=\"news\"  -DNEWSGRP=\"news\" -DSCCSID -Dvfork=fork -c process.c
	cc  -O  -DUSG -Dindex=strchr -Drindex=strrchr -DRNEWS=\"/usr/bin/rnews\" -DSPOOLDIR=\"/usr/spool/news\"  -DBATCHDIR=\"/usr/spool/batch\" -DLIBDIR=\"/usr/lib/news\"  -DBINDIR=\"/usr/bin\" -DNEWSUSR=\"news\"  -DNEWSGRP=\"news\" -DSCCSID -Dvfork=fork  -DREAD -c pathinit.c
	mv pathinit.o rpathinit.o
	cc  -O  -DUSG -Dindex=strchr -Drindex=strrchr -DRNEWS=\"/usr/bin/rnews\" -DSPOOLDIR=\"/usr/spool/news\"  -DBATCHDIR=\"/usr/spool/batch\" -DLIBDIR=\"/usr/lib/news\"  -DBINDIR=\"/usr/bin\" -DNEWSUSR=\"news\"  -DNEWSGRP=\"news\" -DSCCSID -Dvfork=fork -c digest.c
	cc  -s -i  readnews.o rfuncs.o rfuncs2.o rextern.o readr.o  process.o rpathinit.o digest.o funcs.o funcs2.o getdate.o header.o ndir.o ftime.o -o readnews 
	cc  -O  -DUSG -Dindex=strchr -Drindex=strrchr -DRNEWS=\"/usr/bin/rnews\" -DSPOOLDIR=\"/usr/spool/news\"  -DBATCHDIR=\"/usr/spool/batch\" -DLIBDIR=\"/usr/lib/news\"  -DBINDIR=\"/usr/bin\" -DNEWSUSR=\"news\"  -DNEWSGRP=\"news\" -DSCCSID -Dvfork=fork -c checknews.c
	cc  -O  -DUSG -Dindex=strchr -Drindex=strrchr -DRNEWS=\"/usr/bin/rnews\" -DSPOOLDIR=\"/usr/spool/news\"  -DBATCHDIR=\"/usr/spool/batch\" -DLIBDIR=\"/usr/lib/news\"  -DBINDIR=\"/usr/bin\" -DNEWSUSR=\"news\"  -DNEWSGRP=\"news\" -DSCCSID -Dvfork=fork  -DCHKN -c pathinit.c
	mv pathinit.o cpathinit.o
	cc  -s -i  checknews.o process.o cpathinit.o rextern.o -o checknews
	cc  -O  -DUSG -Dindex=strchr -Drindex=strrchr -DRNEWS=\"/usr/bin/rnews\" -DSPOOLDIR=\"/usr/spool/news\"  -DBATCHDIR=\"/usr/spool/batch\" -DLIBDIR=\"/usr/lib/news\"  -DBINDIR=\"/usr/bin\" -DNEWSUSR=\"news\"  -DNEWSGRP=\"news\" -DSCCSID -Dvfork=fork -c postnews.c
	cc  -O  -DUSG -Dindex=strchr -Drindex=strrchr -DRNEWS=\"/usr/bin/rnews\" -DSPOOLDIR=\"/usr/spool/news\"  -DBATCHDIR=\"/usr/spool/batch\" -DLIBDIR=\"/usr/lib/news\"  -DBINDIR=\"/usr/bin\" -DNEWSUSR=\"news\"  -DNEWSGRP=\"news\" -DSCCSID -Dvfork=fork  -s -i  postnews.o rextern.o rpathinit.o funcs.o ftime.o -o postnews
	cc  -O  -DUSG -Dindex=strchr -Drindex=strrchr -DRNEWS=\"/usr/bin/rnews\" -DSPOOLDIR=\"/usr/spool/news\"  -DBATCHDIR=\"/usr/spool/batch\" -DLIBDIR=\"/usr/lib/news\"  -DBINDIR=\"/usr/bin\" -DNEWSUSR=\"news\"  -DNEWSGRP=\"news\" -DSCCSID -Dvfork=fork -c visual.c
	cc  -O  -DUSG -Dindex=strchr -Drindex=strrchr -DRNEWS=\"/usr/bin/rnews\" -DSPOOLDIR=\"/usr/spool/news\"  -DBATCHDIR=\"/usr/spool/batch\" -DLIBDIR=\"/usr/lib/news\"  -DBINDIR=\"/usr/bin\" -DNEWSUSR=\"news\"  -DNEWSGRP=\"news\" -DSCCSID -Dvfork=fork -c virtterm.c
	cc  -s -i  readnews.o rfuncs.o rfuncs2.o rextern.o process.o rpathinit.o  funcs.o funcs2.o getdate.o header.o ndir.o ftime.o visual.o virtterm.o -lcurses  -o vnews
