8       18  0.0
9     2432  0.7
10    8299  2.4
32   62417 17.9
!      787  0.2
"      922  0.3
#       78  0.0
$      114  0.0
%       38  0.0
&       41  0.0
'      960  0.3
(      847  0.2
)      946  0.3
*      318  0.1
+       58  0.0
,     2844  0.8
-     2013  0.6
.     3640  1.0
/      384  0.1
0     1485  0.4
1      876  0.3
2      587  0.2
3      502  0.1
4      422  0.1
5      253  0.1
6      216  0.1
7      413  0.1
8      333  0.1
9      278  0.1
:      795  0.2
;      214  0.1
<       73  0.0
=      129  0.0
>      106  0.0
?      346  0.1
@       73  0.0
A      892  0.3
B      522  0.1
C      860  0.2
D      451  0.1
E      496  0.1
F      283  0.1
G      233  0.1
H      332  0.1
I     1722  0.5
J      129  0.0
K      142  0.0
L      339  0.1
M      606  0.2
N      560  0.2
O      467  0.1
P      590  0.2
Q       36  0.0
R      549  0.2
S     1036  0.3
T     1227  0.4
U      433  0.1
V      200  0.1
W      366  0.1
X      181  0.1
Y      128  0.0
Z       18  0.0
[       35  0.0
\       49  0.0
]       38  0.0
^       26  0.0
_      125  0.0
`       20  0.0
a    19100  5.5
b     3730  1.1
c     7372  2.1
d     8638  2.5
e    29538  8.5
f     5130  1.5
g     4581  1.3
h    11427  3.3
i    16610  4.8
j      331  0.1
k     1870  0.5
l    10179  2.9
m     6401  1.8
n    16976  4.9
o    19376  5.6
p     5154  1.5
q      284  0.1
r    14929  4.3
s    15976  4.6
t    21878  6.3
u     7374  2.1
v     2924  0.8
w     4481  1.3
x      796  0.2
y     4818  1.4
z      218  0.1
{       79  0.0
|       60  0.0
}       80  0.0
~        8  0.0
EOF    339  0.0
