S1062C007E2CDE45
S11D2CDE0F8E2C52CEEE088603A7008609A7000926FDBD3CABC607BD38DA27
S11D2CF8C65AF12C54274DF72C54CE2BFEBD3505C610F72C64CE0100FF2CFD
S11D2D1265C601F72C67C606F72C68F72C63C600F72C9FCE2CB2FF2CDA7F58
S11D2D2C2CB17F2CAB7F2CB0CE0000FF2CA7FF2CA9FF2CACFF2CAECE2CDEFF
S11D2D46FF2CA5BD3CB8BD3684CE2D62BD36022507C63FBD38DA20EBEE1E0E
S11D2D606E002F000D000A003D003A0004003F00220021001B000C0020005D
S11D2D7A2800290000002D9E2DB82DC12DDA2E372E462E4B2EA72ECD2FFCF8
S11D2D942F1A2DD52F2E2FAD00007D2C912606FE2C65FF2C8FFE2C8FFF2C0A
S11D2DAE65BD3CB8BD33C67E2D4CBD381DBD3CABBD2D4CC60DBD38DABD38C1
S11D2DC81DBD31D2BD31F3BD33C67E2D4CBD3CB820EC7D2C8C271DF62C8B9F
S11D2DE24FBD3CC3BD34FCBD3CCD7D2C9126037E2D49FE2C8FBD34FC20F503
S11D2DFC7D2C9126F3FE2C657D2C632608E6004FBD3CC320E6E6004FBD3C78
S11D2E16C3BD34FCBD3CCDFE2C65B62C67810127CA81022608E6014FBD3CFD
S11D2E30C320C4EE0120FACE2C69BD3CD5FE2C8FBD330D7E2D4CFEFFFE6E8D
S11D2E4A007D2C8C2724F62C8BBD366A7D2C9126037E2D49FE2C8FFF2C8421
S11D2E64F62C842703BD366AF62C85BD366A20E77D2C9126E5FE2C657D2C9B
S11D2E7E632607E600BD366A20D3E600BD366AFE2C65B62C67810127C48167
S11D2E98022608E6014FBD3CC320BEEE0120FAB62C90B72CA17F2CA27F2C25
S11D2EB2A3FE2C65BD3D12CE2CA1FF2C65BD33C6BD3D34C622BD38DA7E2D53
S11D2ECC49FE2C65FF2C7FBD336BC65CBD38DABD3CCD8608B72CA1BD3CCD7C
S11D2EE6E60008BD319B7A2CA126F2FE2C658608B72CA1BD3CCDE60008BDE6
S11D2F00366A7A2CA126F2FF2C658601B72C678606B72C68BD3CAB7E2D4CE1
S11D2F1ABD381DC60DBD38DA860FC60ABD38DA4A2CFA20E9BD381DF62CB153
S11D2F34C1142624CE2F41BD3D567E2D5720546F6F206D616E79206E657343
S11D2F4E7465642061646472657373657300F62C68C1032704C10526D7F618
S11D2F682CB14FBD3CC3F62C6437C60AF72C64BD3D6533F72C64BD3CABFE94
S11D2F822C65BD3E64FE2CDAA700E7010808FF2CDA7C2CB1F62C68C10326CC
S11D2F9C07FE2C65EE012003BD320DFF2C657E2DCCBD381D7D2CB12615CEF7
S11D2FB62FBEBD3D567E2D574E6F206164647265737320007A2CB14FF62C13
S11D2FD0B1BD3CC3F62C6437C60AF72C64BD3D6533F72C64BD3CABFE2CDAA1
S11D2FEA09E60009A600FF2CDABD3CC3FF2C657E2DCC7F2CA4C624BD38DA5B
S11D3004BD390DC11B26057C2CA420EFCE301FBD360225037E2D57EE106EA1
S11D301E007300720067006C0074007A0066000000303F3051307D30AA30E1
S11D3038E93103313600007D2CA427067F2C637E2D4986FFB72C6320F6B6E3
S11D30522C6436860AB72C64BD352737BD3E64C41FC1012F0FF72C64333245
S11D306CC10D26DABD3CAB7E2D4C3332B72C6420EFBD390DC16F27037E2D1A
S11D3086577D2C91270FF62C90F72CA637F62C8FF72CA52007F62CA637F61E
S11D30A02CA5370137373737373BBD3903BD38DAC15326F6BD3903BD38DAFB
S11D30BAC13926037E2D49C13126E5BD31B1C003F72C84CE2C86BD31B1E7D5
S11D30D400BD31B1E701EE00BD31B1E700087A2C8426F520C17D2C9126094C
S11D30EEFE2C82080808082003FE2C8FFF2C82BD35057E2D497D2C9127061D
S11D3108FE2C8FFF2CA77D2C942706FE2C92FF2CA97D2C972706B62C96B788
S11D31222CABF62CABFE2CA70908E700BC2CA926F87E2D497D2C912706FE1A
S11D313C2C8FFF2CAC7D2C942707FE2C9208FF2CAE7D2C972706B62C96B73F
S11D31562CB0FE2CACBD3CB8F62CB04F0908BC2CAE26037E2D4CE10026F316
S11D3170BD34FCBD3CAB4C810F26E8BD3D12CE3194BD3D56BD3D34BD390DA6
S11D318ABD3CABC16E27D80820CA4D6F72653F200037545454548D0133C465
S11D31A40FCB30C13A2B02CB07BD38DA3936BD390D8D0F5858585837BD399F
S11D31BE0D8D05321B163239C030C1092F02C007C40F0C39BD3D1237FE2C4F
S11D31D8657D2C63270CBD3E64FB2C678900BD3CC30908FF2C6533BD3D3401
S11D31F239BD3D1237FE2C65FF2C7FBD336BC65CBD38DABD3CB833BD3D34AC
S11D320C39FE2C65E601B62C655D2B0BFB2C668900CB028900200D535AF7DE
S11D32262C84F62C66F02C848200B72C7FF72C80BD3CC339CE2C69A60381A9
S11D3240612608E601CA80E7012010816227066D032629200AE602CA80E786
S11D325A026D04261DCE393BFF2C88CE2C69FF2C84E600FE2C8808080808E1
S11D3274080808086D002611CE2C69E601C47FE701E602C47FE7020C39E1C9
S11D328E0026D1FF2C88FE2C8408FF2C84E600FE2C88E10126BEFF2C88FE04
S11D32A82C8408E600FE2C88E10226AE0808080D393637CE2C696D0026043C
S11D32C233320C39FE2C8208080808FF2C88CE2C69FF2C84FE2C886D00276D
S11D32DC030920F90909096D0027DBFF2C88FE2C84E60008FF2C84FE2C8875
S11D32F6E10026D35D27030920E709A60009E600BD3CC333320D393637FFD8
S11D33102C84FE2C820808086D0027030920F90909096D0026F2FF2C86CE53
S11D332A2C69FF2C88FE2C86FF2C86FE2C88E600270C08FF2C88FE2C86E7BF
S11D3344000920EAFE2C866F0009B62C84A70009B62C85A700096F00096F1C
S11D335E00096F00096F00FE2C84333239BD3D1236377F2C817D2C63273409
S11D3378FE2C82B62C7FF62C80FF2C846D0027030920F909A1002708090935
S11D33926D0026EB201409E100270220F2FE2C84E600270CBD38DA0920F691
S11D33ACFE2C7FBD34FC7D2C812706CE33C3BD3D563332BD3D34392B3100DA
S11D33C6BD3D123637FE2C65E60027057D2C6326114FBD3CC3BD34FCC601CD
S11D33E0F72C67C6067E3474CE39436D0027E8080808E1002717E101274607
S11D33FAE1022757E103276AE104277A080808080820DE37BD34CEC623BD97
S11D341438DA3337BD34A8C103271933BD34FCBD3E64C1202D12BD3CCDBD5F
S11D342E35DABD38DABD35DA200433BD34C45F7E3474BD34CEBD34C4C62CDF
S11D3448BD38DAC664BD38DAC6017E3474BD34CEBD34A8BD34FCC62CBD3885
S11D3462DAC678BD38DAC6022008BD34CEBD34C4C603F72C683332BD3CB897
S11D347CBD3D343937BD34CE33C18D2710C4F0C120270AC601F72C67C6043C
S11D34967E3474C602F72C67BD320DBD336BC60520CCBD3E6EF72C67FE2C75
S11D34B06508EE00C103270BBD3E64164FBD3CC3F62C6739BD34A8FF2C7F28
S11D34CABD336B3937090909E600BD38DAE601C47FBD38DAE602C47FBD3830
S11D34E4DA6D012A05C661BD38DA6D022A05C662BD38DABD3CB8333937F67E
S11D34FE2C64BD3D6533393686FFA700096F0009A70009A700096F00FF2C78
S11D351882096F00096F00096F00096F0032397F2C997F2C9A7F2C9D7F2C4C
S11D35329ECE2C69BD3CD537CE2C696D002621C12E2710C1272619BD390D0E
S11D354C4FBD3CC3BD35DA2003FE2C65337C2C9EBD390D372017C640E10007
S11D35662C0BBD32B9250C33BD391E20C0F62C64BD3EC2337D2C9D2619FF16
S11D35802C99CE2C696D0027057C2C9D203A7D2C9E27357C2C9D2030F72C72
S11D359A98FF2C9BF62C9DCE35E2BD36022518BD3D12CE35B4BD3D56200AA2
S11D35B4492D6572726F720D0A00BD3D34EE10AD00F62C98CE35E2BD3602D5
S11D35CE2504FE2C9939F72C9D7E353337C627BD38DA33392B002D002A0033
S11D35E87C0026005E002300000036123621362B363A364B36553660000090
S11D36026D00270AE1002704080820F40D390C398D30FB2C9CB92C9BF72C2E
S11D361C9AB72C99398D21F02C9CB22C9B20EFB62C9BF62C9CFE2C99BD3F59
S11D36362C7E361A8D08FA2C9CBA2C9B20D6F62C9AB62C99398DF7F42C9CFE
S11D3650B42C9B20C58DEDB82C9BF82C9C7E361AFE2C9BFF2C997F2C8A397E
S11D366A37C47FC1202C07CB4037C65E200337C620BD38DA33BD38DA3339D1
S11D3684C606F72C8A7F2C8C7F2C917F2C947F2C97CE2C69BD3CD537BD3264
S11D369E3A2526CE2C69C640E1002C0BBD32B9250633BD391E20CF337F2C21
S11D36B8997F2C9A7F2C9D7F2C9EBD3539201BFF2C8D732C8C33C120270DF4
S11D36D2A604273EB72C8B8604B72C8A39BD3527FF2C8F7D2C9D2703732C4B
S11D36EC91C13B2749C12C2642BD390DC1782607C602F72C8A200CC1642718
S11D3706037E37E8C601F72C8ABD390D20D9CE3725BD393CC607BD38DABDE0
S11D37203CB87E36844D697373696E67206F706572616E642007007E375A46
S11D373ABD3527FF2C927D2C9D2703732C94C13B26EBBD3527FF2C957D2C69
S11D37549D2703732C977D2C8C26013937FE2C8DF62C8A2609E600277AF77E
S11D376E2C8B3339C1012604E60120F1C1022604E60220E96D032709C603EF
S11D3788F72C8AE60320DC6D042754E604C18D270CF72C84C4F0C120264593
S11D37A2F62C8437C605F72C8AF62C90C002F02C66B62C65375D2B09CB02E2
S11D37BCFB2C668900200E50C002F72C58F62C66F02C588200B12C8F2630DE
S11D37D6F12C90262B33F72C907F2C8F335D7E376B33CE37F1BD393C7E37F7
S11D37F01A4261642061646472657373696E67206D6F64652000333333CE0A
S11D380A380E20DD4F7574206F662072616E67653F2000BD3D1236377D2C82
S11D382463261F7D2C8C260B7D2C9126103332BD3D3439F62C8BFE2C65E719
S11D383E0020F0F62C9020F4FE2C657D2C8C26227D2C9127DEB62C67F62CE0
S11D38589081012604E70020D08102270108B62C8FA700E7017E3831B62CC3
S11D387267F62C8AC1022E1C81022C037E38C8B62C8BA700B62C90A7018634
S11D388C02B72C67F72C687E3831C105260781022CE37E38C8C103261681DC
S11D38A603261FB62C8BA700B62C8FA701B62C90A7027E3831B62C8BA70079
S11D38C08601B72C677E3831CE38D1BD393C7E383153697A653F2020070021
S11D38DA368602B5EE0827FBF7EE09327D2C9F260139C10D27013937F62CF5
S11D38F49FF72CA0C6018DDE7A2CA026F93339F6EE085424FAF6EE0939BD10
S11D390E3903C47FC10127F7C11B2703BD38DA39BD3D12CE392BBD3D56BDE3
S11D39283D34392020556E646566696E65646408203F0700BD3CABBD3D563F
S11D39423961E4648B9BABBB006164E4CBDBEBFB00616261000000001B6124
S11D395CE4638999A9B9006164E3C9D9E9F90061EE648494A4B400616EE480
S11D3976C4D4E4F40062E9748595A5B5006269F4C5D5E5F500636C7200001C
S11D39906F7F0063EC72000000004F636CF2000000005F63ED708191A1B1D7
S11D39AA00636DF0C1D1E1F1006362610000000011636F6D0000637300632C
S11D39C4EF6D0000000043636FED00000000536E656700006070006EE56770
S11D39DE00000000406E65E700000000506461610000000019646563000016
S11D39F86A7A0064E563000000004A6465E3000000005A65EF728898A8B88B
S11D3A1200656FF2C8D8E8F800696E6300006C7C0069EE63000000004C69BF
S11D3A2C6EE3000000005C6CE4618696A6B6006C64E1C6D6E6F6006FF261BB
S11D3A468A9AAABA006F72E1CADAEAFA0070F36800000000367073E80000C4
S11D3A6000003770F56C00000000327075EC0000000033726F6C00006979DB
S11D3A7A0072EF6C0000000049726FEC0000000059726F7200006676007251
S11D3A94EF720000000046726FF2000000005661736C000068780061F36C64
S11D3AAE00000000486173EC0000000058617372000067770061F3720000B0
S11D3AC80000476173F200000000576C737200006474006CF3720000000082
S11D3AE2446C73F2000000005473F4610097A7B7007374E100D7E7F70073B0
S11D3AFCF5628090A0B0007375E2C0D0E0F000736261000000001073E263CD
S11D3B168292A2B2007362E3C2D2E2F2007461620000000016746261000085
S11D3B3000001774737400006D7D0074F374000000004D7473F40000000018
S11D3B4A5D6370788C9CACBC00646578000000000964657300000000346902
S11D3B646E780000000008696E7300000000316C6478CEDEEEFE006C6473B7
S11D3B7E8E9EAEBE0073747800DFEFFF00737473009FAFBF0074787300009F
S11D3B980000357473780000000030627261000000002062636300000000CE
S11D3BB22462637300000000256265710000000027626765000000002C6259
S11D3BCC6774000000002E6268690000000022626C65000000002F626C73DA
S11D3BE60000000023626C74000000002D626D69000000002B626E65000097
S11D3C000000266276630000000028627673000000002962706C000000006B
S11D3C1A2A627372000000008D6A6D7000006E7E006A73720000ADBD006E34
S11D3C346F700000000001727469000000003B727473000000003973776923
S11D3C4E000000003F776169000000003E636C63000000000C636C69000024
S11D3C6800000E636C76000000000A736563000000000D7365690000000058
S11D3C820F736576000000000B746170000000000674706100000000070025
S11D3C9C00000000000000000000000000000037C60DBD38DAC60ABD38DA92
S11D3CB6333937C620BD38DABD38DA3339B72C58F72C59FE2C583937C620CE
S11D3CD0BD38DA333936BD3D12BD3D34BD3D124FBD390DC1082713C17F2763
S11D3CEAEEBD3F46251BE700811427EA084C20E6C620BD38DA4D27DE094A0B
S11D3D04C608BD38DA20D56F00BD3D343239B72C5832B72C5932B72C5AFFF0
S11D3D1E2C5BB62C5B36B62C5C36B62C5A36B62C5936B62C5839B72C583256
S11D3D38B72C5932B72C5A32B72C5C32B72C5BFE2C5BB62C5A36B62C593679
S11D3D52B62C58393637E6002706BD38DA0820F6333239BD3D12F72C5BB794
S11D3D6C2C5CF62C5537F62C5637F62C5737F62C5BF72C56C10A2615BD3EAD
S11D3D86644D2C0F4353CB01890037C62DBD38DA332003BD3E645D260A4DC0
S11D3DA02607C630BD38DA201F36B62C568108260737C630BD38DA338110F0
S11D3DBA273F8108273B8102273732BD3DDE32B72C5732B72C5632B72C556E
S11D3DD4B62C5CF62C5BBD3D3439BD3E4FB72C59B62C5536B62C594D26030B
S11D3DEE5D2703BD3DDE33CB30BD38DA39B62C568110260C8604B72C5786DD
S11D3E080FB72C5920188108260C8603B72C578607B72C5920088601B72C40
S11D3E2257B72C5932BD3E2C209CF72C58F42C5937F62C58BD3F664D26035D
S11D3E3C5D2703BD3E2C33CB30C13A2D02CB27BD38DA39CEFFFF08F02C5622
S11D3E5682002AF8FB2C56F72C55BD3E6439FF2C58B62C58F62C5939C18F5C
S11D3E702739C1CF2735C1DD272DC1C62741F72C5854545454C107272237F4
S11D3E8AC40BC10B271A3337C408C10827163337C40EC106270E3337C1029D
S11D3EA4270833C6013933C6033933F62C58F10C4427F4C18E27F0C1CE2744
S11D3EBEECC6023936377F2C557C2C556D002706087C2C5520F67F2C5D864C
S11D3ED801B72C5E7F2C5F7F2C60097A2C5526037E3F26E600C030C1092F96
S11D3EF208C007C10F2F02C020FF2C614FFE2C5DBD3F2CFB2C60B92C5FB7F6
S11D3F0C2C5FF72C6033374FFE2C5DBD3F2CB72C5DF72C5EFE2C617E3EE237
S11D3F26FE2C5F333239FF2C5ABD3CC34F5F8C00002709FB2C5BB92C5A09E1
S11D3F4026F7FE2C5A39C15F271AC1302D14C1392F12C1412D0CC15A2F0A2C
S11D3F5AC1612D04C17A2F020D390C3936B62C57B72C58327A2C572B0444B3
S10F3F745620F736B62C58B72C573239BB
S9
