S1062C007E2CDD46
S11D2CDD0F8E2C52CE80048603A7008609A7000926FDBD3C97C607BD38C6C2
S11D2CF7C65AF12C54274DF72C54CE2BFEBD34F1C610F72C64CE0100FF2C13
S11D2D1165C601F72C67C606F72C68F72C63C600F72C9ECE2CB1FF2CD97F5C
S11D2D2B2CB07F2CAA7F2CAFCE0000FF2CA6FF2CA8FF2CABFF2CADCE2CDD08
S11D2D45FF2CA4BD3CA4BD3670CE2D61BD35EE2507C63FBD38C620EBEE1E62
S11D2D5F6E002F000D000A003D003A0004003F00220021001B000C0020005E
S11D2D792800290000002D9D2DB72DC02DD92E362E452E4A2EA62ECC2FFB03
S11D2D932F192DD42F2D2FAC00007D2C902606FE2C65FF2C8EFE2C8EFF2C12
S11D2DAD65BD3CA4BD33B27E2D4BBD3809BD3C97BD2D4BC60DBD38C6BD3828
S11D2DC709BD31D1BD31F2BD33B27E2D4BBD3CA420EC7D2C8B271DF62C8AE1
S11D2DE14FBD3CAFBD34E8BD3CB97D2C9026037E2D48FE2C8EBD34E820F557
S11D2DFB7D2C9026F3FE2C657D2C632608E6004FBD3CAF20E6E6004FBD3C8E
S11D2E15AFBD34E8BD3CB9FE2C65B62C67810127CA81022608E6014FBD3C3A
S11D2E2FAF20C4EE0120FACE2C69BD3CC1FE2C8EBD330C7E2D4BFEFFFE6EB9
S11D2E49007D2C8B2724F62C8ABD36567D2C9026037E2D48FE2C8EFF2C833C
S11D2E63F62C832703BD3656F62C84BD365620E77D2C9026E5FE2C657D2CC7
S11D2E7D632607E600BD365620D3E600BD3656FE2C65B62C67810127C48190
S11D2E97022608E6014FBD3CAF20BEEE0120FAB62C8FB72CA07F2CA17F2C3D
S11D2EB1A2FE2C65BD3CFECE2CA0FF2C65BD33B2BD3D20C622BD38C67E2DA7
S11D2ECB48FE2C65FF2C7FBD336AC65CBD38C6BD3CB98608B72CA0BD3CB9BC
S11D2EE5E60008BD319A7A2CA026F2FE2C658608B72CA0BD3CB9E60008BDFE
S11D2EFF36567A2CA026F2FF2C658601B72C678606B72C68BD3C977E2D4B0D
S11D2F19BD3809C60DBD38C6860FC60ABD38C64A2CFA20E9BD3809F62CB0A5
S11D2F33C1142624CE2F40BD3D427E2D5620546F6F206D616E79206E65735A
S11D2F4D7465642061646472657373657300F62C68C1032704C10526D7F619
S11D2F672CB04FBD3CAFF62C6437C60AF72C64BD3D5133F72C64BD3C97FED2
S11D2F812C65BD3E50FE2CD9A700E7010808FF2CD97C2CB0F62C68C10326E4
S11D2F9B07FE2C65EE012003BD320CFF2C657E2DCBBD38097D2CB02615CE0F
S11D2FB52FBDBD3D427E2D564E6F206164647265737320007A2CB04FF62C2B
S11D2FCFB0BD3CAFF62C6437C60AF72C64BD3D5133F72C64BD3C97FE2CD9E0
S11D2FE909E60009A600FF2CD9BD3CAFFF2C657E2DCB7F2CA3C624BD38C687
S11D3003BD38F9C11B26057C2CA320EFCE301EBD35EE25037E2D56EE106ECF
S11D301D007300720067006C0074007A0066000000303E3050307C30A930E6
S11D3037E83102313500007D2CA327067F2C637E2D4886FFB72C6320F6B6E9
S11D30512C6436860AB72C64BD351337BD3E50C41FC1012F0FF72C6433326E
S11D306BC10D26DABD3C977E2D4B3332B72C6420EFBD38F9C16F27037E2D45
S11D3085567D2C90270FF62C8FF72CA537F62C8EF72CA42007F62CA537F626
S11D309F2CA4370137373737373BBD38EFBD38C6C15326F6BD38EFBD38C64F
S11D30B9C13926037E2D48C13126E5BD31B0C003F72C83CE2C85BD31B0E7DB
S11D30D300BD31B0E701EE00BD31B0E700087A2C8326F520C17D2C90260951
S11D30EDFE2C81080808082003FE2C8EFF2C81BD34F17E2D487D2C90270638
S11D3107FE2C8EFF2CA67D2C932706FE2C91FF2CA87D2C962706B62C95B790
S11D31212CAAF62CAAFE2CA60908E700BC2CA826F87E2D487D2C902706FE21
S11D313B2C8EFF2CAB7D2C932707FE2C9108FF2CAD7D2C962706B62C95B747
S11D31552CAFFE2CABBD3CA4F62CAF4F0908BC2CAD26037E2D4BE10026F330
S11D316FBD34E8BD3C974C810F26E8BD3CFECE3193BD3D42BD3D20BD38F922
S11D3189BD3C97C16E27D80820CA4D6F72653F200037545454548D0133C47A
S11D31A30FCB30C13A2B02CB07BD38C63936BD38F98D0F5858585837BD38CA
S11D31BDF98D05321B163239C030C1092F02C007C40F0C39BD3CFE37FE2C79
S11D31D7657D2C63270CBD3E50FB2C678900BD3CAF0908FF2C6533BD3D203E
S11D31F139BD3CFE37FE2C65FF2C7FBD336AC65CBD38C6BD3CA433BD3D20FF
S11D320B39FE2C65E601B62C655D2B0BFB2C668900CB028900200D535AF7DF
S11D32252C83F62C66F02C838200B72C7FF72C80BD3CAF39CE2C69A60381C0
S11D323F612608E601CA80E7012010816227066D032629200AE602CA80E787
S11D3259026D04261DCE3927FF2C87CE2C69FF2C83E600FE2C8708080808F9
S11D3273080808086D002611CE2C69E601C47FE701E602C47FE7020C39E1CA
S11D328D0026D1FF2C87FE2C8308FF2C83E600FE2C87E10126BEFF2C87FE0A
S11D32A72C8308E600FE2C87E10226AE0808080D393637CE2C696D0026043F
S11D32C133320C39FE2C8108080808FF2C87CE2C69FF2C83FE2C876D002772
S11D32DB030920F90909096D0027DBFF2C87FE2C83E60008FF2C83FE2C877A
S11D32F5E10026D35D27030920E709A60009E600BD3CAF33320D393637FFED
S11D330F2C83FE2C810808086D0027030920F90909096D0026F2FF2C85CE57
S11D33292C69FF2C87FE2C85FF2C85FE2C87E600270C08FF2C87FE2C85E7C6
S11D3343000920EAFE2C856F0009B62C83A70009B62C84A700096F00096F20
S11D335D00096F00096F00FE2C83333239BD3CFE36377D2C632732FE2C81A3
S11D3377B62C7FF62C80FF2C836D0027030920F909A100270809096D002650
S11D3391EB201209E10026F4FE2C83E600270CBD38C60920F6FE2C7FBD34C3
S11D33ABE83332BD3D2039BD3CFE3637FE2C65E60027057D2C6326114FBD10
S11D33C53CAFBD34E8C601F72C67C6067E3460CE392F6D0027E8080808E14C
S11D33DF002717E1012746E1022757E103276AE104277A080808080820DEC1
S11D33F937BD34BAC623BD38C63337BD3494C103271933BD34E8BD3E50C125
S11D3413202D12BD3CB9BD35C6BD38C6BD35C6200433BD34B05F7E3460BD39
S11D342D34BABD34B0C62CBD38C6C664BD38C6C6017E3460BD34BABD349457
S11D3447BD34E8C62CBD38C6C678BD38C6C6022008BD34BABD34B0C603F7EC
S11D34612C683332BD3CA4BD3D203937BD34BA33C18D2710C4F0C120270A04
S11D347BC601F72C67C6047E3460C602F72C67BD320CBD336AC60520CCBDEB
S11D34953E5AF72C67FE2C6508EE00C103270BBD3E50164FBD3CAFF62C679B
S11D34AF39BD3494FF2C7FBD336A3937090909E600BD38C6E601C47FBD38F2
S11D34C9C6E602C47FBD38C66D012A05C661BD38C66D022A05C662BD38C639
S11D34E3BD3CA4333937F62C64BD3D5133393686FFA700096F0009A70009BB
S11D34FDA700096F00FF2C81096F00096F00096F00096F0032397F2C987FD9
S11D35172C997F2C9C7F2C9DCE2C69BD3CC137CE2C696D002621C12E2710B1
S11D3531C1272619BD38F94FBD3CAFBD35C62003FE2C65337C2C9DBD38F9A0
S11D354B372017C640E1002C0BBD32B8250C33BD390A20C0F62C64BD3EAEBC
S11D3565337D2C9C2619FF2C98CE2C696D0027057C2C9C203A7D2C9D273592
S11D357F7C2C9C2030F72C97FF2C9AF62C9CCE35CEBD35EE2518BD3CFECEAA
S11D359935A0BD3D42200A492D6572726F720D0A00BD3D20EE10AD00F62C3B
S11D35B397CE35CEBD35EE2504FE2C9839F72C9C7E351F37C627BD38C633EB
S11D35CD392B002D002A007C0026005E002300000035FE360D3617362636AD
S11D35E7373641364C00006D00270AE1002704080820F40D390C398D30FB85
S11D36012C9BB92C9AF72C99B72C98398D21F02C9BB22C9A20EFB62C9AF697
S11D361B2C9BFE2C98BD3F187E36068D08FA2C9BBA2C9A20D6F62C99B62CD1
S11D363598398DF7F42C9BB42C9A20C58DEDB82C9AF82C9B7E3606FE2C9AD3
S11D364FFF2C987F2C893937C47FC1202C07CB4037C65E200337C620BD3804
S11D3669C633BD38C63339C606F72C897F2C8B7F2C907F2C937F2C96CE2CC1
S11D368369BD3CC137BD32392526CE2C69C640E1002C0BBD32B8250633BD19
S11D369D390A20CF337F2C987F2C997F2C9C7F2C9DBD3525201BFF2C8C7318
S11D36B72C8B33C120270DA604273EB72C8A8604B72C8939BD3513FF2C8E8D
S11D36D17D2C9C2703732C90C13B2749C12C2642BD38F9C1782607C602F769
S11D36EB2C89200CC16427037E37D4C601F72C89BD38F920D9CE3711BD39A2
S11D370528C607BD38C6BD3CA47E36704D697373696E67206F706572616EB6
S11D371F642007007E3746BD3513FF2C917D2C9C2703732C93C13B26EBBDDA
S11D37393513FF2C947D2C9C2703732C967D2C8B26013937FE2C8CF62C899B
S11D37532609E600277AF72C8A3339C1012604E60120F1C1022604E60220B0
S11D376DE96D032709C603F72C89E60320DC6D042754E604C18D270CF72CE1
S11D378783C4F0C1202645F62C8337C605F72C89F62C8FC002F02C66B62C77
S11D37A165375D2B09CB02FB2C668900200E50C002F72C58F62C66F02C5843
S11D37BB8200B12C8E2630F12C8F262B33F72C8F7F2C8E335D7E375733CEF5
S11D37D537DDBD39287E37064261642061646472657373696E67206D6F643E
S11D37EF652000333333CE37FA20DD4F7574206F662072616E67653F2000E9
S11D3809BD3CFE36377D2C63261F7D2C8B260B7D2C9026103332BD3D203960
S11D3823F62C8AFE2C65E70020F0F62C8F20F4FE2C657D2C8B26227D2C904C
S11D383D27DEB62C67F62C8F81012604E70020D08102270108B62C8EA70021
S11D3857E7017E381DB62C67F62C89C1022E1C81022C037E38B4B62C8AA768
S11D387100B62C8FA7018602B72C67F72C687E381DC105260781022CE37EED
S11D388B38B4C10326168103261FB62C8AA700B62C8EA701B62C8FA7027EA7
S11D38A5381DB62C8AA7008601B72C677E381DCE38BDBD39287E381D536989
S11D38BF7A653F20200700368602B5800427FBF78005327D2C9E260139C157
S11D38D90D27013937F62C9EF72C9FC6018DDE7A2C9F26F93339F6800454DA
S11D38F324FAF6800539BD38EFC47FC10127F7C11B2703BD38C639BD3CFEED
S11D390DCE3917BD3D42BD3D20392020556E646566696E65646408203F074B
S11D392700BD3C97BD3D423961E4648B9BABBB006164E4CBDBEBFB00616250
S11D394161000000001B61E4638999A9B9006164E3C9D9E9F90061EE64845D
S11D395B94A4B400616EE4C4D4E4F40062E9748595A5B5006269F4C5D5E5CE
S11D3975F500636C7200006F7F0063EC72000000004F636CF2000000005FE0
S11D398F63ED708191A1B100636DF0C1D1E1F1006362610000000011636FC9
S11D39A96D000063730063EF6D0000000043636FED00000000536E6567006F
S11D39C3006070006EE56700000000406E65E70000000050646161000000EC
S11D39DD001964656300006A7A0064E563000000004A6465E3000000005AA7
S11D39F765EF728898A8B800656FF2C8D8E8F800696E6300006C7C0069EEAD
S11D3A1163000000004C696EE3000000005C6CE4618696A6B6006C64E1C632
S11D3A2BD6E6F6006FF2618A9AAABA006F72E1CADAEAFA0070F3680000006C
S11D3A4500367073E8000000003770F56C00000000327075EC000000003324
S11D3A5F726F6C000069790072EF6C0000000049726FEC0000000059726FFD
S11D3A7972000066760072EF720000000046726FF2000000005661736C005F
S11D3A930068780061F36C00000000486173EC000000005861737200006768
S11D3AAD770061F37200000000476173F200000000576C7372000064740031
S11D3AC76CF37200000000446C73F2000000005473F4610097A7B700737403
S11D3AE1E100D7E7F70073F5628090A0B0007375E2C0D0E0F00073626100A7
S11D3AFB0000001073E2638292A2B2007362E3C2D2E2F20074616200000026
S11D3B150016746261000000001774737400006D7D0074F374000000004DC1
S11D3B2F7473F4000000005D6370788C9CACBC006465780000000009646552
S11D3B49730000000034696E780000000008696E7300000000316C6478CECF
S11D3B63DEEEFE006C64738E9EAEBE0073747800DFEFFF00737473009FAFCB
S11D3B7DBF00747873000000003574737800000000306272610000000020F3
S11D3B9762636300000000246263730000000025626571000000002762673F
S11D3BB165000000002C626774000000002E6268690000000022626C650072
S11D3BCB0000002F626C730000000023626C74000000002D626D69000000A2
S11D3BE5002B626E6500000000266276630000000028627673000000002965
S11D3BFF62706C000000002A627372000000008D6A6D7000006E7E006A735C
S11D3C19720000ADBD006E6F700000000001727469000000003B7274730080
S11D3C3300000039737769000000003F776169000000003E636C63000000F7
S11D3C4D000C636C69000000000E636C76000000000A736563000000000D70
S11D3C67736569000000000F736576000000000B7461700000000006747067
S11D3C816100000000070000000000000000000000000000000037C60DBDF6
S11D3C9B38C6C60ABD38C6333937C620BD38C6BD38C63339B72C58F72C5960
S11D3CB5FE2C583937C620BD38C6333936BD3CFEBD3D20BD3CFE4FBD38F977
S11D3CCFC1082713C17F27EEBD3F32251BE700811427EA084C20E6C620BD87
S11D3CE938C64D27DE094AC608BD38C620D56F00BD3D203239B72C5832B784
S11D3D032C5932B72C5AFF2C5BB62C5B36B62C5C36B62C5A36B62C5936B6A8
S11D3D1D2C5839B72C5832B72C5932B72C5A32B72C5C32B72C5BFE2C5BB697
S11D3D372C5A36B62C5936B62C58393637E6002706BD38C60820F6333239D7
S11D3D51BD3CFEF72C5BB72C5CF62C5537F62C5637F62C5737F62C5BF72CF3
S11D3D6B56C10A2615BD3E504D2C0F4353CB01890037C62DBD38C6332003E5
S11D3D85BD3E505D260A4D2607C630BD38C6201F36B62C568108260737C6BD
S11D3D9F30BD38C6338110273F8108273B8102273732BD3DCA32B72C573291
S11D3DB9B72C5632B72C55B62C5CF62C5BBD3D2039BD3E3BB72C59B62C5592
S11D3DD336B62C594D26035D2703BD3DCA33CB30BD38C639B62C568110268F
S11D3DED0C8604B72C57860FB72C5920188108260C8603B72C578607B72CF1
S11D3E075920088601B72C57B72C5932BD3E18209CF72C58F42C5937F62CD1
S11D3E2158BD3F524D26035D2703BD3E1833CB30C13A2D02CB27BD38C6398F
S11D3E3BCEFFFF08F02C5682002AF8FB2C56F72C55BD3E5039FF2C58B62CA1
S11D3E5558F62C5939C18F2739C1CF2735C1DD272DC1C62741F72C585454A3
S11D3E6F5454C107272237C40BC10B271A3337C408C10827163337C40EC130
S11D3E8906270E3337C102270833C6013933C6033933F62C58F10C4427F413
S11D3EA3C18E27F0C1CE27ECC6023936377F2C557C2C556D002706087C2C44
S11D3EBD5520F67F2C5D8601B72C5E7F2C5F7F2C60097A2C5526037E3F129B
S11D3ED7E600C030C1092F08C007C10F2F02C020FF2C614FFE2C5DBD3F18D8
S11D3EF1FB2C60B92C5FB72C5FF72C6033374FFE2C5DBD3F18B72C5DF72C6C
S11D3F0B5EFE2C617E3ECEFE2C5F333239FF2C5ABD3CAF4F5F8C0000270967
S11D3F25FB2C5BB92C5A0926F7FE2C5A39C15F271AC1302D14C1392F12C14B
S11D3F3F412D0CC15A2F0AC1612D04C17A2F020D390C3936B62C57B72C58A2
S1163F59327A2C572B04445620F736B62C58B72C5732392D
S9
