	lint -I../hdrs ehelp.c -lcurses
../hdrs/emp.h: 10: OK redefined
ehelp.c: 22: TRUE redefined
ehelp.c: 23: FALSE redefined

ehelp.c
==============
(172)  warning: main() returns random value to invocation environment
(175)  warning: s redefinition hides earlier one
(911)  warning: struct/union screen never defined
(911)  warning: struct/union SCREEN never defined
warning: illegal combination of pointer and integer:
    (194)  operator =
warning: null effect
    (187)  	    (188)  	    (334)  
    (335)  	    (413)  	    (504)  
    (516)  	    (581)  	    (666)  
    (669)  	    (813)  	    (816)  


==============
name used but not defined
    getsec   	ehelp.c(273)
    secno   	ehelp.c(273)
    getship   	ehelp.c(580)
    echo   	ehelp.c(852)
name defined but never used
    tbuf   	ehelp.c(97)
    tcapbuf   	ehelp.c(97)
    CL   	ehelp.c(98)
    CM   	ehelp.c(98)
value type used inconsistently
    strchr   	llib-lc(424) :: ehelp.c(485)
value type declared inconsistently
    strchr   	llib-lc(424) :: ehelp.c(485)
    sleep   	llib-lc(407) :: ehelp.c(732)
    exit   	llib-lc(45) :: ehelp.c(171)
    strcpy   	llib-lc(421) :: ehelp.c(448)
function returns value which is always ignored
    fprintf	    wclear	    strcpy
    fputs	    wrefresh	    waddstr
    waddch	    sprintf	    mvprintw
    printw	    sleep	
function returns value which is sometimes ignored
    sscanf	    wmove	    addsec
