	mkdir /usr/spool/notes/.utilities /usr/spool/notes/.sequencer /usr/spool/notes/.locks /usr/spool/notes/.utilities/net.aliases
	chown notes /usr/spool/notes/.utilities /usr/spool/notes/.sequencer /usr/spool/notes/.locks /usr/spool/notes/.utilities/net.aliases
	chgrp notes /usr/spool/notes/.utilities /usr/spool/notes/.sequencer /usr/spool/notes/.locks /usr/spool/notes/.utilities/net.aliases
	chmod 775 /usr/spool/notes /usr/spool/notes/.utilities /usr/spool/notes/.sequencer /usr/spool/notes/.locks /usr/spool/notes/.utilities/net.aliases
	mkdir /usr/spool/notes/.utilities/coredump
	chmod 777 /usr/spool/notes/.utilities/coredump
	chown notes /usr/spool/notes/.utilities/coredump
	chgrp notes /usr/spool/notes/.utilities/coredump
	echo "available notesfiles" > /usr/spool/notes/.utilities/avail.notes
	touch /usr/spool/notes/.utilities/Dflt-Seq
	chown notes /usr/spool/notes/.utilities/avail.notes /usr/spool/notes/.utilities/Dflt-Seq
	chgrp notes /usr/spool/notes/.utilities/avail.notes /usr/spool/notes/.utilities/Dflt-Seq
	chmod 664 /usr/spool/notes/.utilities/avail.notes /usr/spool/notes/.utilities/Dflt-Seq
	touch spool
Notesfile Spool directories ready
	echo 1 > /usr/spool/notes/.SEQ
	chmod 660 /usr/spool/notes/.SEQ
	chown notes /usr/spool/notes/.SEQ
	chgrp notes /usr/spool/notes/.SEQ
	touch dirs
	cp access.help dir.help index.help lim.help read.help /usr/spool/notes/.utilities
	(cd /usr/spool/notes/.utilities; chmod 644 access.help dir.help index.help lim.help read.help)
	(cd /usr/spool/notes/.utilities; chown notes access.help dir.help index.help lim.help read.help; chgrp notes access.help dir.help index.help lim.help read.help)
notesfile help files installed
	touch placedoc
	cp libnfcom.a /usr/local/lib/libnfcom.a
	ranlib /usr/local/lib/libnfcom.a
Make: Cannot load ranlib.  Stop.
*** Error code 1 (ignored)
	touch placelib
	ekinstall -s -c -o notes -g notes -m 2755 \
		main /usr/local/bin/notes
	ekinstall -s -c -o notes -g notes -m 2755 \
		nfpipe /usr/local/bin/nfpipe
	ekinstall -s -c -o notes -g notes -m 2755 \
		nfprint /usr/local/bin/nfprint
	ekinstall -s -c -o notes -g notes -m 2755 \
		nfstats /usr/local/bin/nfstats
	ekinstall -s -c -o notes -g notes -m 2755 \
		checknotes /usr/local/bin/checknotes
	ekinstall -s -c -o notes -g notes -m 4710 \
		mknf /usr/spool/notes/.utilities/mknf
	ekinstall -s -c -o notes -g notes -m 4710 \
		rmnf /usr/spool/notes/.utilities/rmnf
	ekinstall -s -c -o notes -g notes -m 6755 \
		nfarchive /usr/spool/notes/.utilities/nfarchive
	ekinstall -s -c -o notes -g notes -m 6755 \
		nfaccess /usr/spool/notes/.utilities/nfaccess
	ekinstall -s -c -o notes -g notes -m 2755 \
		nftimestamp /usr/spool/notes/.utilities/nftimestamp
	ekinstall -s -c -o notes -g notes -m 4755 \
		nfadmin /usr/spool/notes/.utilities/nfadmin
	ekinstall -s -c -o notes -g notes -m 2755 \
		nfmail /usr/spool/notes/.utilities/nfmail
	ekinstall -s -c -o notes -g notes -m 6750 \
		nfxmit /usr/local/bin/nfxmit
	ekinstall -s -c -o notes -g notes -m 6755 \
		nfrcv /usr/local/bin/nfrcv
	ekinstall -s -c -o notes -g notes -m 6755 \
		newsinput /usr/spool/notes/.utilities/newsinput
	ekinstall -s -c -o notes -g notes -m 6755 \
		newsoutput /usr/spool/notes/.utilities/newsoutput
notesfile binaries installed
	touch placebin
	touch install
notesfiles installed
	mknf -o nfgripes
Make: Cannot load mknf.  Stop.
*** Error code 1 (ignored)
	mknf -on nfmaint
Make: Cannot load mknf.  Stop.
*** Error code 1 (ignored)
notesfile system booted
