	cc -DMSTDIR=\"/usr/spool/notes\" -DARCHDIR=\"/usr/spool/oldnotes\"  -DNOTES=\"notes\" -DNOTESUID=97 -DNOTESGRP=\"notes\"  -DANON=\"adm\" -DANONUID=4  -DBIN=\"/usr/local/bin\" -DRCSIDENT -O -c main.c
	cc -DMSTDIR=\"/usr/spool/notes\" -DARCHDIR=\"/usr/spool/oldnotes\"  -DNOTES=\"notes\" -DNOTESUID=97 -DNOTESGRP=\"notes\"  -DANON=\"adm\" -DANONUID=4  -DBIN=\"/usr/local/bin\" -DRCSIDENT -O -c access.c
	cc -DMSTDIR=\"/usr/spool/notes\" -DARCHDIR=\"/usr/spool/oldnotes\"  -DNOTES=\"notes\" -DNOTESUID=97 -DNOTESGRP=\"notes\"  -DANON=\"adm\" -DANONUID=4  -DBIN=\"/usr/local/bin\" -DRCSIDENT -O -c acssort.c
	cc -DMSTDIR=\"/usr/spool/notes\" -DARCHDIR=\"/usr/spool/oldnotes\"  -DNOTES=\"notes\" -DNOTESUID=97 -DNOTESGRP=\"notes\"  -DANON=\"adm\" -DANONUID=4  -DBIN=\"/usr/local/bin\" -DRCSIDENT -O -c adnote.c
	cc -DMSTDIR=\"/usr/spool/notes\" -DARCHDIR=\"/usr/spool/oldnotes\"  -DNOTES=\"notes\" -DNOTESUID=97 -DNOTESGRP=\"notes\"  -DANON=\"adm\" -DANONUID=4  -DBIN=\"/usr/local/bin\" -DRCSIDENT -O -c adresp.c
	cc -DMSTDIR=\"/usr/spool/notes\" -DARCHDIR=\"/usr/spool/oldnotes\"  -DNOTES=\"notes\" -DNOTESUID=97 -DNOTESGRP=\"notes\"  -DANON=\"adm\" -DANONUID=4  -DBIN=\"/usr/local/bin\" -DRCSIDENT -O -c asearch.c
	cc -DMSTDIR=\"/usr/spool/notes\" -DARCHDIR=\"/usr/spool/oldnotes\"  -DNOTES=\"notes\" -DNOTESUID=97 -DNOTESGRP=\"notes\"  -DANON=\"adm\" -DANONUID=4  -DBIN=\"/usr/local/bin\" -DRCSIDENT -O -c check.c
	cc -DMSTDIR=\"/usr/spool/notes\" -DARCHDIR=\"/usr/spool/oldnotes\"  -DNOTES=\"notes\" -DNOTESUID=97 -DNOTESGRP=\"notes\"  -DANON=\"adm\" -DANONUID=4  -DBIN=\"/usr/local/bin\" -DRCSIDENT -O -c compress.c
	cc -DMSTDIR=\"/usr/spool/notes\" -DARCHDIR=\"/usr/spool/oldnotes\"  -DNOTES=\"notes\" -DNOTESUID=97 -DNOTESGRP=\"notes\"  -DANON=\"adm\" -DANONUID=4  -DBIN=\"/usr/local/bin\" -DRCSIDENT -O -c control.c
	cc -DMSTDIR=\"/usr/spool/notes\" -DARCHDIR=\"/usr/spool/oldnotes\"  -DNOTES=\"notes\" -DNOTESUID=97 -DNOTESGRP=\"notes\"  -DANON=\"adm\" -DANONUID=4  -DBIN=\"/usr/local/bin\" -DRCSIDENT -O -c cursor.c
	cc -DMSTDIR=\"/usr/spool/notes\" -DARCHDIR=\"/usr/spool/oldnotes\"  -DNOTES=\"notes\" -DNOTESUID=97 -DNOTESGRP=\"notes\"  -DANON=\"adm\" -DANONUID=4  -DBIN=\"/usr/local/bin\" -DRCSIDENT -O -c delete.c
	cc -DMSTDIR=\"/usr/spool/notes\" -DARCHDIR=\"/usr/spool/oldnotes\"  -DNOTES=\"notes\" -DNOTESUID=97 -DNOTESGRP=\"notes\"  -DANON=\"adm\" -DANONUID=4  -DBIN=\"/usr/local/bin\" -DRCSIDENT -O -c dropt.c
	cc -DMSTDIR=\"/usr/spool/notes\" -DARCHDIR=\"/usr/spool/oldnotes\"  -DNOTES=\"notes\" -DNOTESUID=97 -DNOTESGRP=\"notes\"  -DANON=\"adm\" -DANONUID=4  -DBIN=\"/usr/local/bin\" -DRCSIDENT -O -c dsply.c
	cc -DMSTDIR=\"/usr/spool/notes\" -DARCHDIR=\"/usr/spool/oldnotes\"  -DNOTES=\"notes\" -DNOTESUID=97 -DNOTESGRP=\"notes\"  -DANON=\"adm\" -DANONUID=4  -DBIN=\"/usr/local/bin\" -DRCSIDENT -O -c gdate.c
"gdate.c", line 70: warning: statement not reached
	cc -DMSTDIR=\"/usr/spool/notes\" -DARCHDIR=\"/usr/spool/oldnotes\"  -DNOTES=\"notes\" -DNOTESUID=97 -DNOTESGRP=\"notes\"  -DANON=\"adm\" -DANONUID=4  -DBIN=\"/usr/local/bin\" -DRCSIDENT -O -c gname.c
	cc -DMSTDIR=\"/usr/spool/notes\" -DARCHDIR=\"/usr/spool/oldnotes\"  -DNOTES=\"notes\" -DNOTESUID=97 -DNOTESGRP=\"notes\"  -DANON=\"adm\" -DANONUID=4  -DBIN=\"/usr/local/bin\" -DRCSIDENT -O -c gtext.c
	cc -DMSTDIR=\"/usr/spool/notes\" -DARCHDIR=\"/usr/spool/oldnotes\"  -DNOTES=\"notes\" -DNOTESUID=97 -DNOTESGRP=\"notes\"  -DANON=\"adm\" -DANONUID=4  -DBIN=\"/usr/local/bin\" -DRCSIDENT -O -c gtime.c
	cc -DMSTDIR=\"/usr/spool/notes\" -DARCHDIR=\"/usr/spool/oldnotes\"  -DNOTES=\"notes\" -DNOTESUID=97 -DNOTESGRP=\"notes\"  -DANON=\"adm\" -DANONUID=4  -DBIN=\"/usr/local/bin\" -DRCSIDENT -O -c help.c
	cc -DMSTDIR=\"/usr/spool/notes\" -DARCHDIR=\"/usr/spool/oldnotes\"  -DNOTES=\"notes\" -DNOTESUID=97 -DNOTESGRP=\"notes\"  -DANON=\"adm\" -DANONUID=4  -DBIN=\"/usr/local/bin\" -DRCSIDENT -O -c index.c
	cc -DMSTDIR=\"/usr/spool/notes\" -DARCHDIR=\"/usr/spool/oldnotes\"  -DNOTES=\"notes\" -DNOTESUID=97 -DNOTESGRP=\"notes\"  -DANON=\"adm\" -DANONUID=4  -DBIN=\"/usr/local/bin\" -DRCSIDENT -O -c limindx.c
	cc -DMSTDIR=\"/usr/spool/notes\" -DARCHDIR=\"/usr/spool/oldnotes\"  -DNOTES=\"notes\" -DNOTESUID=97 -DNOTESGRP=\"notes\"  -DANON=\"adm\" -DANONUID=4  -DBIN=\"/usr/local/bin\" -DRCSIDENT -O -c lrsp.c
	cc -DMSTDIR=\"/usr/spool/notes\" -DARCHDIR=\"/usr/spool/oldnotes\"  -DNOTES=\"notes\" -DNOTESUID=97 -DNOTESGRP=\"notes\"  -DANON=\"adm\" -DANONUID=4  -DBIN=\"/usr/local/bin\" -DRCSIDENT -O -c mailit.c
	cc -DMSTDIR=\"/usr/spool/notes\" -DARCHDIR=\"/usr/spool/oldnotes\"  -DNOTES=\"notes\" -DNOTESUID=97 -DNOTESGRP=\"notes\"  -DANON=\"adm\" -DANONUID=4  -DBIN=\"/usr/local/bin\" -DRCSIDENT -O -c misc.c
	cc -DMSTDIR=\"/usr/spool/notes\" -DARCHDIR=\"/usr/spool/oldnotes\"  -DNOTES=\"notes\" -DNOTESUID=97 -DNOTESGRP=\"notes\"  -DANON=\"adm\" -DANONUID=4  -DBIN=\"/usr/local/bin\" -DRCSIDENT -O -c miscio.c
	cc -DMSTDIR=\"/usr/spool/notes\" -DARCHDIR=\"/usr/spool/oldnotes\"  -DNOTES=\"notes\" -DNOTESUID=97 -DNOTESGRP=\"notes\"  -DANON=\"adm\" -DANONUID=4  -DBIN=\"/usr/local/bin\" -DRCSIDENT -O -c next.c
	cc -DMSTDIR=\"/usr/spool/notes\" -DARCHDIR=\"/usr/spool/oldnotes\"  -DNOTES=\"notes\" -DNOTESUID=97 -DNOTESGRP=\"notes\"  -DANON=\"adm\" -DANONUID=4  -DBIN=\"/usr/local/bin\" -DRCSIDENT -O -c note.c
	cc -DMSTDIR=\"/usr/spool/notes\" -DARCHDIR=\"/usr/spool/oldnotes\"  -DNOTES=\"notes\" -DNOTESUID=97 -DNOTESGRP=\"notes\"  -DANON=\"adm\" -DANONUID=4  -DBIN=\"/usr/local/bin\" -DRCSIDENT -O -c pagein.c
	cc -DMSTDIR=\"/usr/spool/notes\" -DARCHDIR=\"/usr/spool/oldnotes\"  -DNOTES=\"notes\" -DNOTESUID=97 -DNOTESGRP=\"notes\"  -DANON=\"adm\" -DANONUID=4  -DBIN=\"/usr/local/bin\" -DRCSIDENT -O -c pageout.c
	cc -DMSTDIR=\"/usr/spool/notes\" -DARCHDIR=\"/usr/spool/oldnotes\"  -DNOTES=\"notes\" -DNOTESUID=97 -DNOTESGRP=\"notes\"  -DANON=\"adm\" -DANONUID=4  -DBIN=\"/usr/local/bin\" -DRCSIDENT -O -c pattern.c
	cc -DMSTDIR=\"/usr/spool/notes\" -DARCHDIR=\"/usr/spool/oldnotes\"  -DNOTES=\"notes\" -DNOTESUID=97 -DNOTESGRP=\"notes\"  -DANON=\"adm\" -DANONUID=4  -DBIN=\"/usr/local/bin\" -DRCSIDENT -O -c permit.c
	cc -DMSTDIR=\"/usr/spool/notes\" -DARCHDIR=\"/usr/spool/oldnotes\"  -DNOTES=\"notes\" -DNOTESUID=97 -DNOTESGRP=\"notes\"  -DANON=\"adm\" -DANONUID=4  -DBIN=\"/usr/local/bin\" -DRCSIDENT -O -c perms.c
"perms.c", line 78: warning: & before array or function: ignored
	cc -DMSTDIR=\"/usr/spool/notes\" -DARCHDIR=\"/usr/spool/oldnotes\"  -DNOTES=\"notes\" -DNOTESUID=97 -DNOTESGRP=\"notes\"  -DANON=\"adm\" -DANONUID=4  -DBIN=\"/usr/local/bin\" -DRCSIDENT -O -c preptxt.c
	cc -DMSTDIR=\"/usr/spool/notes\" -DARCHDIR=\"/usr/spool/oldnotes\"  -DNOTES=\"notes\" -DNOTESUID=97 -DNOTESGRP=\"notes\"  -DANON=\"adm\" -DANONUID=4  -DBIN=\"/usr/local/bin\" -DRCSIDENT -O -c prtind.c
	cc -DMSTDIR=\"/usr/spool/notes\" -DARCHDIR=\"/usr/spool/oldnotes\"  -DNOTES=\"notes\" -DNOTESUID=97 -DNOTESGRP=\"notes\"  -DANON=\"adm\" -DANONUID=4  -DBIN=\"/usr/local/bin\" -DRCSIDENT -O -c readem.c
"readem.c", line 256: warning: & before array or function: ignored
	cc -DMSTDIR=\"/usr/spool/notes\" -DARCHDIR=\"/usr/spool/oldnotes\"  -DNOTES=\"notes\" -DNOTESUID=97 -DNOTESGRP=\"notes\"  -DANON=\"adm\" -DANONUID=4  -DBIN=\"/usr/local/bin\" -DRCSIDENT -O -c recsio.c
	cc -DMSTDIR=\"/usr/spool/notes\" -DARCHDIR=\"/usr/spool/oldnotes\"  -DNOTES=\"notes\" -DNOTESUID=97 -DNOTESGRP=\"notes\"  -DANON=\"adm\" -DANONUID=4  -DBIN=\"/usr/local/bin\" -DRCSIDENT -O -c resp.c
	cc -DMSTDIR=\"/usr/spool/notes\" -DARCHDIR=\"/usr/spool/oldnotes\"  -DNOTES=\"notes\" -DNOTESUID=97 -DNOTESGRP=\"notes\"  -DANON=\"adm\" -DANONUID=4  -DBIN=\"/usr/local/bin\" -DRCSIDENT -O -c savtxt.c
	cc -DMSTDIR=\"/usr/spool/notes\" -DARCHDIR=\"/usr/spool/oldnotes\"  -DNOTES=\"notes\" -DNOTESUID=97 -DNOTESGRP=\"notes\"  -DANON=\"adm\" -DANONUID=4  -DBIN=\"/usr/local/bin\" -DRCSIDENT -O -c startup.c
"startup.c", line 126: warning: & before array or function: ignored
	cc -DMSTDIR=\"/usr/spool/notes\" -DARCHDIR=\"/usr/spool/oldnotes\"  -DNOTES=\"notes\" -DNOTESUID=97 -DNOTESGRP=\"notes\"  -DANON=\"adm\" -DANONUID=4  -DBIN=\"/usr/local/bin\" -DRCSIDENT -O -c talkto.c
	cc -DMSTDIR=\"/usr/spool/notes\" -DARCHDIR=\"/usr/spool/oldnotes\"  -DNOTES=\"notes\" -DNOTESUID=97 -DNOTESGRP=\"notes\"  -DANON=\"adm\" -DANONUID=4  -DBIN=\"/usr/local/bin\" -DRCSIDENT -O -c times.c
	cc -DMSTDIR=\"/usr/spool/notes\" -DARCHDIR=\"/usr/spool/oldnotes\"  -DNOTES=\"notes\" -DNOTESUID=97 -DNOTESGRP=\"notes\"  -DANON=\"adm\" -DANONUID=4  -DBIN=\"/usr/local/bin\" -DRCSIDENT -O -c tsearch.c
	cc -DMSTDIR=\"/usr/spool/notes\" -DARCHDIR=\"/usr/spool/oldnotes\"  -DNOTES=\"notes\" -DNOTESUID=97 -DNOTESGRP=\"notes\"  -DANON=\"adm\" -DANONUID=4  -DBIN=\"/usr/local/bin\" -DRCSIDENT -O -c expand.c
	cc -DMSTDIR=\"/usr/spool/notes\" -DARCHDIR=\"/usr/spool/oldnotes\"  -DNOTES=\"notes\" -DNOTESUID=97 -DNOTESGRP=\"notes\"  -DANON=\"adm\" -DANONUID=4  -DBIN=\"/usr/local/bin\" -DRCSIDENT -O -c datein.c
	yacc  getdate.y

conflicts: 6 shift/reduce
	cc -DMSTDIR=\"/usr/spool/notes\" -DARCHDIR=\"/usr/spool/oldnotes\"  -DNOTES=\"notes\" -DNOTESUID=97 -DNOTESGRP=\"notes\"  -DANON=\"adm\" -DANONUID=4  -DBIN=\"/usr/local/bin\" -DRCSIDENT -O -c y.tab.c
	rm y.tab.c
	mv y.tab.o getdate.o
	cc -DMSTDIR=\"/usr/spool/notes\" -DARCHDIR=\"/usr/spool/oldnotes\"  -DNOTES=\"notes\" -DNOTESUID=97 -DNOTESGRP=\"notes\"  -DANON=\"adm\" -DANONUID=4  -DBIN=\"/usr/local/bin\" -DRCSIDENT -O -c ftime.c
	cc -DMSTDIR=\"/usr/spool/notes\" -DARCHDIR=\"/usr/spool/oldnotes\"  -DNOTES=\"notes\" -DNOTESUID=97 -DNOTESGRP=\"notes\"  -DANON=\"adm\" -DANONUID=4  -DBIN=\"/usr/local/bin\" -DRCSIDENT -O -c pagemove.c
	cc -DMSTDIR=\"/usr/spool/notes\" -DARCHDIR=\"/usr/spool/oldnotes\"  -DNOTES=\"notes\" -DNOTESUID=97 -DNOTESGRP=\"notes\"  -DANON=\"adm\" -DANONUID=4  -DBIN=\"/usr/local/bin\" -DRCSIDENT -O -c nfabort.c
	cc -DMSTDIR=\"/usr/spool/notes\" -DARCHDIR=\"/usr/spool/oldnotes\"  -DNOTES=\"notes\" -DNOTESUID=97 -DNOTESGRP=\"notes\"  -DANON=\"adm\" -DANONUID=4  -DBIN=\"/usr/local/bin\" -DRCSIDENT -O -c nfcomment.c
	ar r libnfcom.a `lorder nfabort.o nfcomment.o | tsort `
ar: creating libnfcom.a
loading main
	cc -DMSTDIR=\"/usr/spool/notes\" -DARCHDIR=\"/usr/spool/oldnotes\"  -DNOTES=\"notes\" -DNOTESUID=97 -DNOTESGRP=\"notes\"  -DANON=\"adm\" -DANONUID=4  -DBIN=\"/usr/local/bin\" -DRCSIDENT -O -c nfpipe.c
loading nfpipe
	cc -DMSTDIR=\"/usr/spool/notes\" -DARCHDIR=\"/usr/spool/oldnotes\"  -DNOTES=\"notes\" -DNOTESUID=97 -DNOTESGRP=\"notes\"  -DANON=\"adm\" -DANONUID=4  -DBIN=\"/usr/local/bin\" -DRCSIDENT -O -c nfprint.c
	cc -DMSTDIR=\"/usr/spool/notes\" -DARCHDIR=\"/usr/spool/oldnotes\"  -DNOTES=\"notes\" -DNOTESUID=97 -DNOTESGRP=\"notes\"  -DANON=\"adm\" -DANONUID=4  -DBIN=\"/usr/local/bin\" -DRCSIDENT -O -c lprnote.c
loading nfprint
	cc -DMSTDIR=\"/usr/spool/notes\" -DARCHDIR=\"/usr/spool/oldnotes\"  -DNOTES=\"notes\" -DNOTESUID=97 -DNOTESGRP=\"notes\"  -DANON=\"adm\" -DANONUID=4  -DBIN=\"/usr/local/bin\" -DRCSIDENT -O -c nfstats.c
loading nfstats
	cc -DMSTDIR=\"/usr/spool/notes\" -DARCHDIR=\"/usr/spool/oldnotes\"  -DNOTES=\"notes\" -DNOTESUID=97 -DNOTESGRP=\"notes\"  -DANON=\"adm\" -DANONUID=4  -DBIN=\"/usr/local/bin\" -DRCSIDENT -O -c checknotes.c
loading checknotes
	touch user
	cc -DMSTDIR=\"/usr/spool/notes\" -DARCHDIR=\"/usr/spool/oldnotes\"  -DNOTES=\"notes\" -DNOTESUID=97 -DNOTESGRP=\"notes\"  -DANON=\"adm\" -DANONUID=4  -DBIN=\"/usr/local/bin\" -DRCSIDENT -O -c nfxmit.c
	cc -DMSTDIR=\"/usr/spool/notes\" -DARCHDIR=\"/usr/spool/oldnotes\"  -DNOTES=\"notes\" -DNOTESUID=97 -DNOTESGRP=\"notes\"  -DANON=\"adm\" -DANONUID=4  -DBIN=\"/usr/local/bin\" -DRCSIDENT -O -c dmpnote.c
	cc -DMSTDIR=\"/usr/spool/notes\" -DARCHDIR=\"/usr/spool/oldnotes\"  -DNOTES=\"notes\" -DNOTESUID=97 -DNOTESGRP=\"notes\"  -DANON=\"adm\" -DANONUID=4  -DBIN=\"/usr/local/bin\" -DRCSIDENT -O -c dmpresp.c
	cc -DMSTDIR=\"/usr/spool/notes\" -DARCHDIR=\"/usr/spool/oldnotes\"  -DNOTES=\"notes\" -DNOTESUID=97 -DNOTESGRP=\"notes\"  -DANON=\"adm\" -DANONUID=4  -DBIN=\"/usr/local/bin\" -DRCSIDENT -O -c getnet.c
	cc -DMSTDIR=\"/usr/spool/notes\" -DARCHDIR=\"/usr/spool/oldnotes\"  -DNOTES=\"notes\" -DNOTESUID=97 -DNOTESGRP=\"notes\"  -DANON=\"adm\" -DANONUID=4  -DBIN=\"/usr/local/bin\" -DRCSIDENT -O -c nfalias.c
"nfalias.c", line 75: warning: statement not reached
	cc -DMSTDIR=\"/usr/spool/notes\" -DARCHDIR=\"/usr/spool/oldnotes\"  -DNOTES=\"notes\" -DNOTESUID=97 -DNOTESGRP=\"notes\"  -DANON=\"adm\" -DANONUID=4  -DBIN=\"/usr/local/bin\" -DRCSIDENT -O -c nfsend.c
loading nfxmit
	cc -DMSTDIR=\"/usr/spool/notes\" -DARCHDIR=\"/usr/spool/oldnotes\"  -DNOTES=\"notes\" -DNOTESUID=97 -DNOTESGRP=\"notes\"  -DANON=\"adm\" -DANONUID=4  -DBIN=\"/usr/local/bin\" -DRCSIDENT -O -c nfrcv.c
	cc -DMSTDIR=\"/usr/spool/notes\" -DARCHDIR=\"/usr/spool/oldnotes\"  -DNOTES=\"notes\" -DNOTESUID=97 -DNOTESGRP=\"notes\"  -DANON=\"adm\" -DANONUID=4  -DBIN=\"/usr/local/bin\" -DRCSIDENT -O -c buildnf.c
	cc -DMSTDIR=\"/usr/spool/notes\" -DARCHDIR=\"/usr/spool/oldnotes\"  -DNOTES=\"notes\" -DNOTESUID=97 -DNOTESGRP=\"notes\"  -DANON=\"adm\" -DANONUID=4  -DBIN=\"/usr/local/bin\" -DRCSIDENT -O -c find.c
	cc -DMSTDIR=\"/usr/spool/notes\" -DARCHDIR=\"/usr/spool/oldnotes\"  -DNOTES=\"notes\" -DNOTESUID=97 -DNOTESGRP=\"notes\"  -DANON=\"adm\" -DANONUID=4  -DBIN=\"/usr/local/bin\" -DRCSIDENT -O -c ldmisc.c
	cc -DMSTDIR=\"/usr/spool/notes\" -DARCHDIR=\"/usr/spool/oldnotes\"  -DNOTES=\"notes\" -DNOTESUID=97 -DNOTESGRP=\"notes\"  -DANON=\"adm\" -DANONUID=4  -DBIN=\"/usr/local/bin\" -DRCSIDENT -O -c loadem.c
loading nfrcv
	cc -DMSTDIR=\"/usr/spool/notes\" -DARCHDIR=\"/usr/spool/oldnotes\"  -DNOTES=\"notes\" -DNOTESUID=97 -DNOTESGRP=\"notes\"  -DANON=\"adm\" -DANONUID=4  -DBIN=\"/usr/local/bin\" -DRCSIDENT -O -c newsinput.c
	cc -DMSTDIR=\"/usr/spool/notes\" -DARCHDIR=\"/usr/spool/oldnotes\"  -DNOTES=\"notes\" -DNOTESUID=97 -DNOTESGRP=\"notes\"  -DANON=\"adm\" -DANONUID=4  -DBIN=\"/usr/local/bin\" -DRCSIDENT -O -c newsgroup.c
"newsgroup.c", line 125: warning: statement not reached
	cc -DMSTDIR=\"/usr/spool/notes\" -DARCHDIR=\"/usr/spool/oldnotes\"  -DNOTES=\"notes\" -DNOTESUID=97 -DNOTESGRP=\"notes\"  -DANON=\"adm\" -DANONUID=4  -DBIN=\"/usr/local/bin\" -DRCSIDENT -O -c bnewshead.c
	cc -DMSTDIR=\"/usr/spool/notes\" -DARCHDIR=\"/usr/spool/oldnotes\"  -DNOTES=\"notes\" -DNOTESUID=97 -DNOTESGRP=\"notes\"  -DANON=\"adm\" -DANONUID=4  -DBIN=\"/usr/local/bin\" -DRCSIDENT -O -c parsepath.c
loading newsinput
	cc -DMSTDIR=\"/usr/spool/notes\" -DARCHDIR=\"/usr/spool/oldnotes\"  -DNOTES=\"notes\" -DNOTESUID=97 -DNOTESGRP=\"notes\"  -DANON=\"adm\" -DANONUID=4  -DBIN=\"/usr/local/bin\" -DRCSIDENT -O -c newsoutput.c
	cc -DMSTDIR=\"/usr/spool/notes\" -DARCHDIR=\"/usr/spool/oldnotes\"  -DNOTES=\"notes\" -DNOTESUID=97 -DNOTESGRP=\"notes\"  -DANON=\"adm\" -DANONUID=4  -DBIN=\"/usr/local/bin\" -DRCSIDENT -O -c newsdump.c
	cc -DMSTDIR=\"/usr/spool/notes\" -DARCHDIR=\"/usr/spool/oldnotes\"  -DNOTES=\"notes\" -DNOTESUID=97 -DNOTESGRP=\"notes\"  -DANON=\"adm\" -DANONUID=4  -DBIN=\"/usr/local/bin\" -DRCSIDENT -O -c newsout.c
	cc -DMSTDIR=\"/usr/spool/notes\" -DARCHDIR=\"/usr/spool/oldnotes\"  -DNOTES=\"notes\" -DNOTESUID=97 -DNOTESGRP=\"notes\"  -DANON=\"adm\" -DANONUID=4  -DBIN=\"/usr/local/bin\" -DRCSIDENT -O -c newspath.c
loading newsoutput
	touch network
	cc -DMSTDIR=\"/usr/spool/notes\" -DARCHDIR=\"/usr/spool/oldnotes\"  -DNOTES=\"notes\" -DNOTESUID=97 -DNOTESGRP=\"notes\"  -DANON=\"adm\" -DANONUID=4  -DBIN=\"/usr/local/bin\" -DRCSIDENT -O -c mknf.c
loading mknf
	cc -DMSTDIR=\"/usr/spool/notes\" -DARCHDIR=\"/usr/spool/oldnotes\"  -DNOTES=\"notes\" -DNOTESUID=97 -DNOTESGRP=\"notes\"  -DANON=\"adm\" -DANONUID=4  -DBIN=\"/usr/local/bin\" -DRCSIDENT -O -c rmnf.c
loading rmnf
	cc -DMSTDIR=\"/usr/spool/notes\" -DARCHDIR=\"/usr/spool/oldnotes\"  -DNOTES=\"notes\" -DNOTESUID=97 -DNOTESGRP=\"notes\"  -DANON=\"adm\" -DANONUID=4  -DBIN=\"/usr/local/bin\" -DRCSIDENT -O -c nfadmin.c
loading nfadmin
	cc -DMSTDIR=\"/usr/spool/notes\" -DARCHDIR=\"/usr/spool/oldnotes\"  -DNOTES=\"notes\" -DNOTESUID=97 -DNOTESGRP=\"notes\"  -DANON=\"adm\" -DANONUID=4  -DBIN=\"/usr/local/bin\" -DRCSIDENT -O -c nfarchive.c
	cc -DMSTDIR=\"/usr/spool/notes\" -DARCHDIR=\"/usr/spool/oldnotes\"  -DNOTES=\"notes\" -DNOTESUID=97 -DNOTESGRP=\"notes\"  -DANON=\"adm\" -DANONUID=4  -DBIN=\"/usr/local/bin\" -DRCSIDENT -O -c archiver.c
loading nfarchive
	cc -DMSTDIR=\"/usr/spool/notes\" -DARCHDIR=\"/usr/spool/oldnotes\"  -DNOTES=\"notes\" -DNOTESUID=97 -DNOTESGRP=\"notes\"  -DANON=\"adm\" -DANONUID=4  -DBIN=\"/usr/local/bin\" -DRCSIDENT -O -c nfaccess.c
"nfaccess.c", line 65: warning: & before array or function: ignored
loading nfaccess
	cc -DMSTDIR=\"/usr/spool/notes\" -DARCHDIR=\"/usr/spool/oldnotes\"  -DNOTES=\"notes\" -DNOTESUID=97 -DNOTESGRP=\"notes\"  -DANON=\"adm\" -DANONUID=4  -DBIN=\"/usr/local/bin\" -DRCSIDENT -O -c nfmail.c
loading nfmail
	cc -DMSTDIR=\"/usr/spool/notes\" -DARCHDIR=\"/usr/spool/oldnotes\"  -DNOTES=\"notes\" -DNOTESUID=97 -DNOTESGRP=\"notes\"  -DANON=\"adm\" -DANONUID=4  -DBIN=\"/usr/local/bin\" -DRCSIDENT -O -c nftimestamp.c
loading nftimestamp
undefined		first referenced
 symbol  		    in file
ftime               		getdate.o
ld fatal: Symbol referencing errors. No output written to nftimestamp
*** Error code 13

Stop.
loading nftimestamp
	touch utility
notesfile binaries up-to-date
	touch bin
