	for d in zotnet support uip doc; do (cd $d; make DESTDIR=  -k inst-all); done
	for d in mts bboards tws mf; do (cd $d; make DESTDIR=  inst-all); done
	mv -f /usr/local/lib/mh/mtstailor zmtstailor
mv: /usr/local/lib/mh/mtstailor: No such file or directory
*** Error code 2 (ignored)
	cp mtstailor /usr/local/lib/mh/mtstailor
-rw-r--r--   1 root     other        283 Jan 18 21:16 /usr/local/lib/mh/mtstailor

	for d in bboards general pop; do (cd $d; make DESTDIR=  inst-all); done
	mv -f /usr/local/lib/mh/MailAliases zMailAliases
mv: /usr/local/lib/mh/MailAliases: No such file or directory
*** Error code 2 (ignored)
	cp MailAliases /usr/local/lib/mh/MailAliases
-rw-rw-r--   1 root     other        849 Jan 18 21:16 /usr/local/lib/mh/MailAliases

	mv -f /usr/local/lib/mh/components zcomponents
mv: /usr/local/lib/mh/components: No such file or directory
*** Error code 2 (ignored)
	cp components /usr/local/lib/mh/components
-rw-r--r--   1 root     other         26 Jan 18 21:16 /usr/local/lib/mh/components

	mv -f /usr/local/lib/mh/digestcomps zdigestcomps
mv: /usr/local/lib/mh/digestcomps: No such file or directory
*** Error code 2 (ignored)
	cp digestcomps /usr/local/lib/mh/digestcomps
-rw-r--r--   1 root     other        275 Jan 18 21:16 /usr/local/lib/mh/digestcomps

	mv -f /usr/local/lib/mh/distcomps zdistcomps
mv: /usr/local/lib/mh/distcomps: No such file or directory
*** Error code 2 (ignored)
	cp distcomps /usr/local/lib/mh/distcomps
-rw-r--r--   1 root     other         22 Jan 18 21:16 /usr/local/lib/mh/distcomps

	mv -f /usr/local/lib/mh/forwcomps zforwcomps
mv: /usr/local/lib/mh/forwcomps: No such file or directory
*** Error code 2 (ignored)
	cp forwcomps /usr/local/lib/mh/forwcomps
-rw-r--r--   1 root     other         26 Jan 18 21:16 /usr/local/lib/mh/forwcomps

	mv -f /usr/local/lib/mh/rcvdistcomps zrcvdistcomps
mv: /usr/local/lib/mh/rcvdistcomps: No such file or directory
*** Error code 2 (ignored)
	cp rcvdistcomps /usr/local/lib/mh/rcvdistcomps
-rw-r--r--   1 root     other        104 Jan 18 21:16 /usr/local/lib/mh/rcvdistcomps

	mv -f /usr/local/lib/mh/replcomps zreplcomps
mv: /usr/local/lib/mh/replcomps: No such file or directory
*** Error code 2 (ignored)
	cp replcomps /usr/local/lib/mh/replcomps
-rw-r--r--   1 root     other        430 Jan 18 21:16 /usr/local/lib/mh/replcomps

	mv -f /usr/local/lib/mh/mhl.digest zmhl.digest
mv: /usr/local/lib/mh/mhl.digest: No such file or directory
*** Error code 2 (ignored)
	cp mhl.digest /usr/local/lib/mh/mhl.digest
-rw-r--r--   1 root     other        193 Jan 18 21:16 /usr/local/lib/mh/mhl.digest

	mv -f /usr/local/lib/mh/mhl.format zmhl.format
mv: /usr/local/lib/mh/mhl.format: No such file or directory
*** Error code 2 (ignored)
	cp mhl.format /usr/local/lib/mh/mhl.format
-rw-r--r--   1 root     other        298 Jan 18 21:16 /usr/local/lib/mh/mhl.format

	mv -f /usr/local/lib/mh/mhl.forward zmhl.forward
mv: /usr/local/lib/mh/mhl.forward: No such file or directory
*** Error code 2 (ignored)
	cp mhl.forward /usr/local/lib/mh/mhl.forward
-rw-r--r--   1 root     other        215 Jan 18 21:16 /usr/local/lib/mh/mhl.forward

	mv -f /usr/local/lib/mh/mhl.body zmhl.body
mv: /usr/local/lib/mh/mhl.body: No such file or directory
*** Error code 2 (ignored)
	cp mhl.body /usr/local/lib/mh/mhl.body
-rw-r--r--   1 root     other         46 Jan 18 21:16 /usr/local/lib/mh/mhl.body

	mv -f /usr/local/lib/mh/scan.mailx zscan.mailx
mv: /usr/local/lib/mh/scan.mailx: No such file or directory
*** Error code 2 (ignored)
	cp scan.mailx /usr/local/lib/mh/scan.mailx
-rw-r--r--   1 root     other        235 Jan 18 21:16 /usr/local/lib/mh/scan.mailx

	mv -f /usr/local/lib/mh/scan.size zscan.size
mv: /usr/local/lib/mh/scan.size: No such file or directory
*** Error code 2 (ignored)
	cp scan.size /usr/local/lib/mh/scan.size
-rw-r--r--   1 root     other        207 Jan 18 21:16 /usr/local/lib/mh/scan.size

	mv -f /usr/local/lib/mh/scan.time zscan.time
mv: /usr/local/lib/mh/scan.time: No such file or directory
*** Error code 2 (ignored)
	cp scan.time /usr/local/lib/mh/scan.time
-rw-r--r--   1 root     other        246 Jan 18 21:16 /usr/local/lib/mh/scan.time

	mv -f /usr/local/lib/mh/scan.timely zscan.timely
mv: /usr/local/lib/mh/scan.timely: No such file or directory
*** Error code 2 (ignored)
	cp scan.timely /usr/local/lib/mh/scan.timely
-rw-r--r--   1 root     other        355 Jan 18 21:16 /usr/local/lib/mh/scan.timely

	mv -f /usr/local/lib/mh/BBoardAliases zBBoardAliases
mv: /usr/local/lib/mh/BBoardAliases: No such file or directory
*** Error code 2 (ignored)
	cp BBoardAliases /usr/local/lib/mh/BBoardAliases
	chown bboards /usr/local/lib/mh/BBoardAliases
-rw-r--r--   1 bboards  other         70 Jan 18 21:16 /usr/local/lib/mh/BBoardAliases

	mv -f /usr/local/bin/mh/ali zali
mv: /usr/local/bin/mh/ali: No such file or directory
*** Error code 2 (ignored)
	cp xali /usr/local/bin/mh/ali
-rwxr-xr-x   1 root     other     144696 Jan 18 21:16 /usr/local/bin/mh/ali

	mv -f /usr/local/bin/mh/anno zanno
mv: /usr/local/bin/mh/anno: No such file or directory
*** Error code 2 (ignored)
	cp xanno /usr/local/bin/mh/anno
-rwxr-xr-x   1 root     other     143276 Jan 18 21:16 /usr/local/bin/mh/anno

	mv -f /usr/local/bin/mh/burst zburst
mv: /usr/local/bin/mh/burst: No such file or directory
*** Error code 2 (ignored)
	cp xburst /usr/local/bin/mh/burst
-rwxr-xr-x   1 root     other     126636 Jan 18 21:17 /usr/local/bin/mh/burst

	mv -f /usr/local/bin/mh/comp zcomp
mv: /usr/local/bin/mh/comp: No such file or directory
*** Error code 2 (ignored)
	cp xcomp /usr/local/bin/mh/comp
-rwxr-xr-t   1 root     other     169188 Jan 18 21:17 /usr/local/bin/mh/comp

	mv -f /usr/local/bin/mh/dist zdist
mv: /usr/local/bin/mh/dist: No such file or directory
*** Error code 2 (ignored)
	cp xdist /usr/local/bin/mh/dist
-rwxr-xr-x   1 root     other     169032 Jan 18 21:17 /usr/local/bin/mh/dist

	mv -f /usr/local/bin/mh/folder zfolder
mv: /usr/local/bin/mh/folder: No such file or directory
*** Error code 2 (ignored)
	cp xfolder /usr/local/bin/mh/folder
	rm -f /usr/local/bin/mh/folders
	ln /usr/local/bin/mh/folder /usr/local/bin/mh/folders
-rwxr-xr-x   2 root     other     133608 Jan 18 21:17 /usr/local/bin/mh/folder

	mv -f /usr/local/bin/mh/forw zforw
mv: /usr/local/bin/mh/forw: No such file or directory
*** Error code 2 (ignored)
	cp xforw /usr/local/bin/mh/forw
-rwxr-xr-x   1 root     other     231560 Jan 18 21:17 /usr/local/bin/mh/forw

	mv -f /usr/local/bin/mh/inc zinc
mv: /usr/local/bin/mh/inc: No such file or directory
*** Error code 2 (ignored)
	cp xinc /usr/local/bin/mh/inc
-rwxr-xr-t   1 root     other     234096 Jan 18 21:17 /usr/local/bin/mh/inc

	mv -f /usr/local/bin/mh/mark zmark
mv: /usr/local/bin/mh/mark: No such file or directory
*** Error code 2 (ignored)
	cp xmark /usr/local/bin/mh/mark
-rwxr-xr-x   1 root     other     123616 Jan 18 21:17 /usr/local/bin/mh/mark

	mv -f /usr/local/bin/mh/mhmail zmhmail
mv: /usr/local/bin/mh/mhmail: No such file or directory
*** Error code 2 (ignored)
	cp xmhmail /usr/local/bin/mh/mhmail
-rwxr-xr-x   1 root     other     110148 Jan 18 21:17 /usr/local/bin/mh/mhmail

	mv -f /usr/local/bin/mh/mhpath zmhpath
mv: /usr/local/bin/mh/mhpath: No such file or directory
*** Error code 2 (ignored)
	cp xmhpath /usr/local/bin/mh/mhpath
-rwxr-xr-x   1 root     other     119424 Jan 18 21:17 /usr/local/bin/mh/mhpath

	mv -f /usr/local/bin/mh/msgchk zmsgchk
mv: /usr/local/bin/mh/msgchk: No such file or directory
*** Error code 2 (ignored)
	cp xmsgchk /usr/local/bin/mh/msgchk
-rwxr-xr-t   1 root     other     116896 Jan 18 21:17 /usr/local/bin/mh/msgchk

	mv -f /usr/local/bin/mh/msh zmsh
mv: /usr/local/bin/mh/msh: No such file or directory
*** Error code 2 (ignored)
	cp xmsh /usr/local/bin/mh/msh
-rwxr-xr-x   1 root     other     354844 Jan 18 21:17 /usr/local/bin/mh/msh

	mv -f /usr/local/bin/mh/show zshow
mv: /usr/local/bin/mh/show: No such file or directory
*** Error code 2 (ignored)
	cp xshow /usr/local/bin/mh/show
	rm -f /usr/local/bin/mh/next
	ln /usr/local/bin/mh/show /usr/local/bin/mh/next
	rm -f /usr/local/bin/mh/prev
	ln /usr/local/bin/mh/show /usr/local/bin/mh/prev
-rwxr-xr-t   3 root     other     245484 Jan 18 21:17 /usr/local/bin/mh/show

	mv -f /usr/local/bin/mh/packf zpackf
mv: /usr/local/bin/mh/packf: No such file or directory
*** Error code 2 (ignored)
	cp xpackf /usr/local/bin/mh/packf
-rwxr-xr-x   1 root     other     139420 Jan 18 21:17 /usr/local/bin/mh/packf

	mv -f /usr/local/bin/mh/pick zpick
mv: /usr/local/bin/mh/pick: No such file or directory
*** Error code 2 (ignored)
	cp xpick /usr/local/bin/mh/pick
-rwxr-xr-x   1 root     other     164984 Jan 18 21:17 /usr/local/bin/mh/pick

	mv -f /usr/local/bin/mh/prompter zprompter
mv: /usr/local/bin/mh/prompter: No such file or directory
*** Error code 2 (ignored)
	cp xprompter /usr/local/bin/mh/prompter
-rwxr-xr-t   1 root     other     115364 Jan 18 21:17 /usr/local/bin/mh/prompter

	mv -f /usr/local/bin/mh/refile zrefile
mv: /usr/local/bin/mh/refile: No such file or directory
*** Error code 2 (ignored)
	cp xrefile /usr/local/bin/mh/refile
-rwxr-xr-x   1 root     other     134336 Jan 18 21:17 /usr/local/bin/mh/refile

	mv -f /usr/local/bin/mh/repl zrepl
mv: /usr/local/bin/mh/repl: No such file or directory
*** Error code 2 (ignored)
	cp xrepl /usr/local/bin/mh/repl
-rwxr-xr-x   1 root     other     236424 Jan 18 21:17 /usr/local/bin/mh/repl

	mv -f /usr/local/bin/mh/rmf zrmf
mv: /usr/local/bin/mh/rmf: No such file or directory
*** Error code 2 (ignored)
	cp xrmf /usr/local/bin/mh/rmf
-rwxr-xr-x   1 root     other     114120 Jan 18 21:17 /usr/local/bin/mh/rmf

	mv -f /usr/local/bin/mh/rmm zrmm
mv: /usr/local/bin/mh/rmm: No such file or directory
*** Error code 2 (ignored)
	cp xrmm /usr/local/bin/mh/rmm
-rwxr-xr-x   1 root     other     124640 Jan 18 21:17 /usr/local/bin/mh/rmm

	mv -f /usr/local/bin/mh/scan zscan
mv: /usr/local/bin/mh/scan: No such file or directory
*** Error code 2 (ignored)
	cp xscan /usr/local/bin/mh/scan
-rwxr-xr-x   1 root     other     219736 Jan 18 21:17 /usr/local/bin/mh/scan

	mv -f /usr/local/bin/mh/send zsend
mv: /usr/local/bin/mh/send: No such file or directory
*** Error code 2 (ignored)
	cp xsend /usr/local/bin/mh/send
-rwxr-xr-x   1 root     other     163456 Jan 18 21:17 /usr/local/bin/mh/send

	mv -f /usr/local/bin/mh/sortm zsortm
mv: /usr/local/bin/mh/sortm: No such file or directory
*** Error code 2 (ignored)
	cp xsortm /usr/local/bin/mh/sortm
-rwxr-xr-x   1 root     other     160484 Jan 18 21:17 /usr/local/bin/mh/sortm

	mv -f /usr/local/bin/mh/vmh zvmh
mv: /usr/local/bin/mh/vmh: No such file or directory
*** Error code 2 (ignored)
	cp xvmh /usr/local/bin/mh/vmh
-rwxr-xr-x   1 root     other     239680 Jan 18 21:17 /usr/local/bin/mh/vmh

	mv -f /usr/local/bin/mh/whatnow zwhatnow
mv: /usr/local/bin/mh/whatnow: No such file or directory
*** Error code 2 (ignored)
	cp xwhatnow /usr/local/bin/mh/whatnow
-rwxr-xr-t   1 root     other     164556 Jan 18 21:17 /usr/local/bin/mh/whatnow

	mv -f /usr/local/bin/mh/whom zwhom
mv: /usr/local/bin/mh/whom: No such file or directory
*** Error code 2 (ignored)
	cp xwhom /usr/local/bin/mh/whom
-rwxr-xr-x   1 root     other     135376 Jan 18 21:17 /usr/local/bin/mh/whom

	mv -f /usr/local/bin/mh/bbc zbbc
mv: /usr/local/bin/mh/bbc: No such file or directory
*** Error code 2 (ignored)
	cp xbbc /usr/local/bin/mh/bbc
-rwxr-xr-t   1 root     other     151860 Jan 18 21:17 /usr/local/bin/mh/bbc

	mv -f /usr/local/bin/mh/bbl zbbl
mv: /usr/local/bin/mh/bbl: No such file or directory
*** Error code 2 (ignored)
	chmod u-s zbbl
chmod: WARNING: can't access zbbl
*** Error code 1 (ignored)
	cp xbbl /usr/local/bin/mh/bbl
	chmod 0755 /usr/local/bin/mh/bbl
	/etc/chown bboards /usr/local/bin/mh/bbl
*** Error code -2 (ignored)
	chmod u+s /usr/local/bin/mh/bbl
-rwsr-xr-x   1 root     other     151000 Jan 18 21:17 /usr/local/bin/mh/bbl

	mv -f /usr/local/lib/mh/ap zap
mv: /usr/local/lib/mh/ap: No such file or directory
*** Error code 2 (ignored)
	cp xap /usr/local/lib/mh/ap
-rwxr-xr-x   1 root     other     204236 Jan 18 21:17 /usr/local/lib/mh/ap

	mv -f /usr/local/lib/mh/conflict zconflict
mv: /usr/local/lib/mh/conflict: No such file or directory
*** Error code 2 (ignored)
	cp xconflict /usr/local/lib/mh/conflict
-rwxr-xr-x   1 root     other     124016 Jan 18 21:17 /usr/local/lib/mh/conflict

	mv -f /usr/local/lib/mh/dp zdp
mv: /usr/local/lib/mh/dp: No such file or directory
*** Error code 2 (ignored)
	cp xdp /usr/local/lib/mh/dp
-rwxr-xr-t   1 root     other     204192 Jan 18 21:17 /usr/local/lib/mh/dp

	mv -f /usr/local/lib/mh/install-mh zinstall-mh
mv: /usr/local/lib/mh/install-mh: No such file or directory
*** Error code 2 (ignored)
	cp xinstall-mh /usr/local/lib/mh/install-mh
-rwxr-xr-x   1 root     other     108064 Jan 18 21:17 /usr/local/lib/mh/install-mh

	mv -f /usr/local/lib/mh/mhl zmhl
mv: /usr/local/lib/mh/mhl: No such file or directory
*** Error code 2 (ignored)
	cp xmhl /usr/local/lib/mh/mhl
-rwxr-xr-x   1 root     other     221688 Jan 18 21:17 /usr/local/lib/mh/mhl

	mv -f /usr/local/lib/mh/post zpost
mv: /usr/local/lib/mh/post: No such file or directory
*** Error code 2 (ignored)
	cp xpost /usr/local/lib/mh/post
-rwxr-xr-t   1 root     other     183944 Jan 18 21:17 /usr/local/lib/mh/post

	mv -f /usr/local/lib/mh/rcvdist zrcvdist
mv: /usr/local/lib/mh/rcvdist: No such file or directory
*** Error code 2 (ignored)
	cp xrcvdist /usr/local/lib/mh/rcvdist
-rwxr-xr-x   1 root     other     190404 Jan 18 21:17 /usr/local/lib/mh/rcvdist

	mv -f /usr/local/lib/mh/rcvpack zrcvpack
mv: /usr/local/lib/mh/rcvpack: No such file or directory
*** Error code 2 (ignored)
	cp xrcvpack /usr/local/lib/mh/rcvpack
-rwxr-xr-x   1 root     other     132444 Jan 18 21:17 /usr/local/lib/mh/rcvpack

	mv -f /usr/local/lib/mh/rcvstore zrcvstore
mv: /usr/local/lib/mh/rcvstore: No such file or directory
*** Error code 2 (ignored)
	cp xrcvstore /usr/local/lib/mh/rcvstore
-rwxr-xr-x   1 root     other     120976 Jan 18 21:17 /usr/local/lib/mh/rcvstore

	mv -f /usr/local/lib/mh/rcvtty zrcvtty
mv: /usr/local/lib/mh/rcvtty: No such file or directory
*** Error code 2 (ignored)
	cp xrcvtty /usr/local/lib/mh/rcvtty
-rwxr-xr-x   1 root     other     207100 Jan 18 21:17 /usr/local/lib/mh/rcvtty

	mv -f /usr/local/lib/mh/spost zspost
mv: /usr/local/lib/mh/spost: No such file or directory
*** Error code 2 (ignored)
	cp xspost /usr/local/lib/mh/spost
-rwxr-xr-x   1 root     other     158920 Jan 18 21:17 /usr/local/lib/mh/spost

	mv -f /usr/local/lib/mh/sbboards zsbboards
mv: /usr/local/lib/mh/sbboards: No such file or directory
*** Error code 2 (ignored)
	chmod u-s zsbboards
chmod: WARNING: can't access zsbboards
*** Error code 1 (ignored)
	cp xsbboards /usr/local/lib/mh/sbboards
	chmod 0755 /usr/local/lib/mh/sbboards
	/etc/chown bboards /usr/local/lib/mh/sbboards
*** Error code -2 (ignored)
	chmod u+s /usr/local/lib/mh/sbboards
-rwsr-xr-x   1 root     other     199480 Jan 18 21:17 /usr/local/lib/mh/sbboards

	mv -f /usr/local/lib/mh/slocal zslocal
mv: /usr/local/lib/mh/slocal: No such file or directory
*** Error code 2 (ignored)
	cp xslocal /usr/local/lib/mh/slocal
	chmod 0755 /usr/local/lib/mh/slocal
-rwxr-xr-x   1 root     other     167256 Jan 18 21:17 /usr/local/lib/mh/slocal

	mv -f /usr/man/local/man1/ali.1 zali.man
mv: /usr/man/local/man1/ali.1: No such file or directory
*** Error code 2 (ignored)
	cp ali.man /usr/man/local/man1/ali.1
-rw-r--r--   1 root     other       1489 Jan 18 21:17 /usr/man/local/man1/ali.1

	mv -f /usr/man/local/man1/anno.1 zanno.man
mv: /usr/man/local/man1/anno.1: No such file or directory
*** Error code 2 (ignored)
	cp anno.man /usr/man/local/man1/anno.1
-rw-r--r--   1 root     other       1578 Jan 18 21:17 /usr/man/local/man1/anno.1

	mv -f /usr/man/local/man1/burst.1 zburst.man
mv: /usr/man/local/man1/burst.1: No such file or directory
*** Error code 2 (ignored)
	cp burst.man /usr/man/local/man1/burst.1
-rw-r--r--   1 root     other       3649 Jan 18 21:17 /usr/man/local/man1/burst.1

	mv -f /usr/man/local/man1/comp.1 zcomp.man
mv: /usr/man/local/man1/comp.1: No such file or directory
*** Error code 2 (ignored)
	cp comp.man /usr/man/local/man1/comp.1
-rw-r--r--   1 root     other       3850 Jan 18 21:17 /usr/man/local/man1/comp.1

	mv -f /usr/man/local/man1/dist.1 zdist.man
mv: /usr/man/local/man1/dist.1: No such file or directory
*** Error code 2 (ignored)
	cp dist.man /usr/man/local/man1/dist.1
-rw-r--r--   1 root     other       5195 Jan 18 21:17 /usr/man/local/man1/dist.1

	mv -f /usr/man/local/man1/folder.1 zfolder.man
mv: /usr/man/local/man1/folder.1: No such file or directory
*** Error code 2 (ignored)
	cp folder.man /usr/man/local/man1/folder.1
-rw-r--r--   1 root     other       5726 Jan 18 21:18 /usr/man/local/man1/folder.1

	mv -f /usr/man/local/man1/forw.1 zforw.man
mv: /usr/man/local/man1/forw.1: No such file or directory
*** Error code 2 (ignored)
	cp forw.man /usr/man/local/man1/forw.1
-rw-r--r--   1 root     other       6630 Jan 18 21:18 /usr/man/local/man1/forw.1

	mv -f /usr/man/local/man1/inc.1 zinc.man
mv: /usr/man/local/man1/inc.1: No such file or directory
*** Error code 2 (ignored)
	cp inc.man /usr/man/local/man1/inc.1
-rw-r--r--   1 root     other       5045 Jan 18 21:18 /usr/man/local/man1/inc.1

	mv -f /usr/man/local/man1/mark.1 zmark.man
mv: /usr/man/local/man1/mark.1: No such file or directory
*** Error code 2 (ignored)
	cp mark.man /usr/man/local/man1/mark.1
-rw-r--r--   1 root     other       4273 Jan 18 21:18 /usr/man/local/man1/mark.1

	mv -f /usr/man/local/man1/mh-chart.1 zmh-chart.man
mv: /usr/man/local/man1/mh-chart.1: No such file or directory
*** Error code 2 (ignored)
	cp mh-chart.man /usr/man/local/man1/mh-chart.1
-rw-r--r--   1 root     other       7785 Jan 18 21:18 /usr/man/local/man1/mh-chart.1

	mv -f /usr/man/local/man1/mh.1 zmh.man
mv: /usr/man/local/man1/mh.1: No such file or directory
*** Error code 2 (ignored)
	cp mh.man /usr/man/local/man1/mh.1
-rw-r--r--   1 root     other       7203 Jan 18 21:18 /usr/man/local/man1/mh.1

	mv -f /usr/man/local/man1/mhl.1 zmhl.man
mv: /usr/man/local/man1/mhl.1: No such file or directory
*** Error code 2 (ignored)
	cp mhl.man /usr/man/local/man1/mhl.1
-rw-r--r--   1 root     other       9009 Jan 18 21:18 /usr/man/local/man1/mhl.1

	mv -f /usr/man/local/man1/mhook.1 zmhook.man
mv: /usr/man/local/man1/mhook.1: No such file or directory
*** Error code 2 (ignored)
	cp mhook.man /usr/man/local/man1/mhook.1
-rw-r--r--   1 root     other       9541 Jan 18 21:18 /usr/man/local/man1/mhook.1

	mv -f /usr/man/local/man1/mhmail.1 zmhmail.man
mv: /usr/man/local/man1/mhmail.1: No such file or directory
*** Error code 2 (ignored)
	cp mhmail.man /usr/man/local/man1/mhmail.1
-rw-r--r--   1 root     other       1953 Jan 18 21:18 /usr/man/local/man1/mhmail.1

	mv -f /usr/man/local/man1/mhpath.1 zmhpath.man
mv: /usr/man/local/man1/mhpath.1: No such file or directory
*** Error code 2 (ignored)
	cp mhpath.man /usr/man/local/man1/mhpath.1
-rw-r--r--   1 root     other       2891 Jan 18 21:18 /usr/man/local/man1/mhpath.1

	mv -f /usr/man/local/man1/msgchk.1 zmsgchk.man
mv: /usr/man/local/man1/msgchk.1: No such file or directory
*** Error code 2 (ignored)
	cp msgchk.man /usr/man/local/man1/msgchk.1
-rw-r--r--   1 root     other       1669 Jan 18 21:18 /usr/man/local/man1/msgchk.1

	mv -f /usr/man/local/man1/msh.1 zmsh.man
mv: /usr/man/local/man1/msh.1: No such file or directory
*** Error code 2 (ignored)
	cp msh.man /usr/man/local/man1/msh.1
-rw-r--r--   1 root     other       6340 Jan 18 21:18 /usr/man/local/man1/msh.1

	mv -f /usr/man/local/man1/next.1 znext.man
mv: /usr/man/local/man1/next.1: No such file or directory
*** Error code 2 (ignored)
	cp next.man /usr/man/local/man1/next.1
-rw-r--r--   1 root     other       1464 Jan 18 21:18 /usr/man/local/man1/next.1

	mv -f /usr/man/local/man1/packf.1 zpackf.man
mv: /usr/man/local/man1/packf.1: No such file or directory
*** Error code 2 (ignored)
	cp packf.man /usr/man/local/man1/packf.1
-rw-r--r--   1 root     other       1126 Jan 18 21:18 /usr/man/local/man1/packf.1

	mv -f /usr/man/local/man1/pick.1 zpick.man
mv: /usr/man/local/man1/pick.1: No such file or directory
*** Error code 2 (ignored)
	cp pick.man /usr/man/local/man1/pick.1
-rw-r--r--   1 root     other       9106 Jan 18 21:18 /usr/man/local/man1/pick.1

	mv -f /usr/man/local/man1/prev.1 zprev.man
mv: /usr/man/local/man1/prev.1: No such file or directory
*** Error code 2 (ignored)
	cp prev.man /usr/man/local/man1/prev.1
-rw-r--r--   1 root     other       1487 Jan 18 21:18 /usr/man/local/man1/prev.1

	mv -f /usr/man/local/man1/prompter.1 zprompter.man
mv: /usr/man/local/man1/prompter.1: No such file or directory
*** Error code 2 (ignored)
	cp prompter.man /usr/man/local/man1/prompter.1
-rw-r--r--   1 root     other       3634 Jan 18 21:18 /usr/man/local/man1/prompter.1

	mv -f /usr/man/local/man1/rcvstore.1 zrcvstore.man
mv: /usr/man/local/man1/rcvstore.1: No such file or directory
*** Error code 2 (ignored)
	cp rcvstore.man /usr/man/local/man1/rcvstore.1
-rw-r--r--   1 root     other       2676 Jan 18 21:18 /usr/man/local/man1/rcvstore.1

	mv -f /usr/man/local/man1/refile.1 zrefile.man
mv: /usr/man/local/man1/refile.1: No such file or directory
*** Error code 2 (ignored)
	cp refile.man /usr/man/local/man1/refile.1
-rw-r--r--   1 root     other       3453 Jan 18 21:18 /usr/man/local/man1/refile.1

	mv -f /usr/man/local/man1/repl.1 zrepl.man
mv: /usr/man/local/man1/repl.1: No such file or directory
*** Error code 2 (ignored)
	cp repl.man /usr/man/local/man1/repl.1
-rw-r--r--   1 root     other       7617 Jan 18 21:18 /usr/man/local/man1/repl.1

	mv -f /usr/man/local/man1/rmf.1 zrmf.man
mv: /usr/man/local/man1/rmf.1: No such file or directory
*** Error code 2 (ignored)
	cp rmf.man /usr/man/local/man1/rmf.1
-rw-r--r--   1 root     other       2263 Jan 18 21:18 /usr/man/local/man1/rmf.1

	mv -f /usr/man/local/man1/rmm.1 zrmm.man
mv: /usr/man/local/man1/rmm.1: No such file or directory
*** Error code 2 (ignored)
	cp rmm.man /usr/man/local/man1/rmm.1
-rw-r--r--   1 root     other       1450 Jan 18 21:18 /usr/man/local/man1/rmm.1

	mv -f /usr/man/local/man1/scan.1 zscan.man
mv: /usr/man/local/man1/scan.1: No such file or directory
*** Error code 2 (ignored)
	cp scan.man /usr/man/local/man1/scan.1
-rw-r--r--   1 root     other       4741 Jan 18 21:18 /usr/man/local/man1/scan.1

	mv -f /usr/man/local/man1/send.1 zsend.man
mv: /usr/man/local/man1/send.1: No such file or directory
*** Error code 2 (ignored)
	cp send.man /usr/man/local/man1/send.1
-rw-r--r--   1 root     other       5676 Jan 18 21:18 /usr/man/local/man1/send.1

	mv -f /usr/man/local/man1/show.1 zshow.man
mv: /usr/man/local/man1/show.1: No such file or directory
*** Error code 2 (ignored)
	cp show.man /usr/man/local/man1/show.1
-rw-r--r--   1 root     other       4194 Jan 18 21:18 /usr/man/local/man1/show.1

	mv -f /usr/man/local/man1/sortm.1 zsortm.man
mv: /usr/man/local/man1/sortm.1: No such file or directory
*** Error code 2 (ignored)
	cp sortm.man /usr/man/local/man1/sortm.1
-rw-r--r--   1 root     other       2199 Jan 18 21:18 /usr/man/local/man1/sortm.1

	mv -f /usr/man/local/man1/vmh.1 zvmh.man
mv: /usr/man/local/man1/vmh.1: No such file or directory
*** Error code 2 (ignored)
	cp vmh.man /usr/man/local/man1/vmh.1
-rw-r--r--   1 root     other       3339 Jan 18 21:18 /usr/man/local/man1/vmh.1

	mv -f /usr/man/local/man1/whatnow.1 zwhatnow.man
mv: /usr/man/local/man1/whatnow.1: No such file or directory
*** Error code 2 (ignored)
	cp whatnow.man /usr/man/local/man1/whatnow.1
-rw-r--r--   1 root     other       4041 Jan 18 21:18 /usr/man/local/man1/whatnow.1

	mv -f /usr/man/local/man1/whom.1 zwhom.man
mv: /usr/man/local/man1/whom.1: No such file or directory
*** Error code 2 (ignored)
	cp whom.man /usr/man/local/man1/whom.1
-rw-r--r--   1 root     other       1794 Jan 18 21:18 /usr/man/local/man1/whom.1

	mv -f /usr/man/local/man1/bbc.1 zbbc.man
mv: /usr/man/local/man1/bbc.1: No such file or directory
*** Error code 2 (ignored)
	cp bbc.man /usr/man/local/man1/bbc.1
-rw-r--r--   1 root     other       4602 Jan 18 21:18 /usr/man/local/man1/bbc.1

	mv -f /usr/man/local/man1/bbl.1 zbbl.man
mv: /usr/man/local/man1/bbl.1: No such file or directory
*** Error code 2 (ignored)
	cp bbl.man /usr/man/local/man1/bbl.1
-rw-r--r--   1 root     other       6993 Jan 18 21:18 /usr/man/local/man1/bbl.1

	mv -f /usr/man/local/man1/bbleader.1 zbbleader.man
mv: /usr/man/local/man1/bbleader.1: No such file or directory
*** Error code 2 (ignored)
	cp bbleader.man /usr/man/local/man1/bbleader.1
-rw-r--r--   1 root     other       3358 Jan 18 21:18 /usr/man/local/man1/bbleader.1

	mv -f /usr/man/local/man1/bboards.1 zbboards.man
mv: /usr/man/local/man1/bboards.1: No such file or directory
*** Error code 2 (ignored)
	cp bboards.man /usr/man/local/man1/bboards.1
-rw-r--r--   1 root     other       2250 Jan 18 21:18 /usr/man/local/man1/bboards.1

	mv -f /usr/man/local/man5/mh-alias.5 zmh-alias.man
mv: /usr/man/local/man5/mh-alias.5: No such file or directory
*** Error code 2 (ignored)
	cp mh-alias.man /usr/man/local/man5/mh-alias.5
-rw-r--r--   1 root     other       6591 Jan 18 21:18 /usr/man/local/man5/mh-alias.5

	mv -f /usr/man/local/man5/mh-format.5 zmh-format.man
mv: /usr/man/local/man5/mh-format.5: No such file or directory
*** Error code 2 (ignored)
	cp mh-format.man /usr/man/local/man5/mh-format.5
-rw-r--r--   1 root     other       7267 Jan 18 21:18 /usr/man/local/man5/mh-format.5

	mv -f /usr/man/local/man5/mh-mail.5 zmh-mail.man
mv: /usr/man/local/man5/mh-mail.5: No such file or directory
*** Error code 2 (ignored)
	cp mh-mail.man /usr/man/local/man5/mh-mail.5
-rw-r--r--   1 root     other       5590 Jan 18 21:18 /usr/man/local/man5/mh-mail.5

	mv -f /usr/man/local/man5/mh-profile.5 zmh-profile.man
mv: /usr/man/local/man5/mh-profile.5: No such file or directory
*** Error code 2 (ignored)
	cp mh-profile.man /usr/man/local/man5/mh-profile.5
-rw-r--r--   1 root     other      15673 Jan 18 21:18 /usr/man/local/man5/mh-profile.5

	mv -f /usr/man/local/man8/ap.8 zap.man
mv: /usr/man/local/man8/ap.8: No such file or directory
*** Error code 2 (ignored)
	cp ap.man /usr/man/local/man8/ap.8
-rw-r--r--   1 root     other       2263 Jan 18 21:18 /usr/man/local/man8/ap.8

	mv -f /usr/man/local/man8/conflict.8 zconflict.man
mv: /usr/man/local/man8/conflict.8: No such file or directory
*** Error code 2 (ignored)
	cp conflict.man /usr/man/local/man8/conflict.8
-rw-r--r--   1 root     other       1627 Jan 18 21:18 /usr/man/local/man8/conflict.8

	mv -f /usr/man/local/man8/dp.8 zdp.man
mv: /usr/man/local/man8/dp.8: No such file or directory
*** Error code 2 (ignored)
	cp dp.man /usr/man/local/man8/dp.8
-rw-r--r--   1 root     other       1819 Jan 18 21:18 /usr/man/local/man8/dp.8

	mv -f /usr/man/local/man8/install-mh.8 zinstall-mh.man
mv: /usr/man/local/man8/install-mh.8: No such file or directory
*** Error code 2 (ignored)
	cp install-mh.man /usr/man/local/man8/install-mh.8
-rw-r--r--   1 root     other       1439 Jan 18 21:18 /usr/man/local/man8/install-mh.8

	mv -f /usr/man/local/man8/post.8 zpost.man
mv: /usr/man/local/man8/post.8: No such file or directory
*** Error code 2 (ignored)
	cp post.man /usr/man/local/man8/post.8
-rw-r--r--   1 root     other       3505 Jan 18 21:18 /usr/man/local/man8/post.8

