	for d in config sbr mts zotnet uip support doc; do (cd $d; make DESTDIR=  -k all); done
	cc -O   -DMHRC -DSYS5 -DMHE -DSBACKUP='"\043"' -DSENDMTS -DSMTP -I/usr/include/bsd -c config.c
	cc -O   -DMHRC -DSYS5 -DMHE -DSBACKUP='"\043"' -DSENDMTS -DSMTP -I/usr/include/bsd -c add.c
	ld -x -r add.o
	mv a.out add.o
	cc -O   -DMHRC -DSYS5 -DMHE -DSBACKUP='"\043"' -DSENDMTS -DSMTP -I/usr/include/bsd -c adios.c
	ld -x -r adios.o
	mv a.out adios.o
	cc -O   -DMHRC -DSYS5 -DMHE -DSBACKUP='"\043"' -DSENDMTS -DSMTP -I/usr/include/bsd -c admonish.c
	ld -x -r admonish.o
	mv a.out admonish.o
	cc -O   -DMHRC -DSYS5 -DMHE -DSBACKUP='"\043"' -DSENDMTS -DSMTP -I/usr/include/bsd -c addrsbr.c
	ld -x -r addrsbr.o
	mv a.out addrsbr.o
	cc -O   -DMHRC -DSYS5 -DMHE -DSBACKUP='"\043"' -DSENDMTS -DSMTP -I/usr/include/bsd -c advertise.c
	ld -x -r advertise.o
	mv a.out advertise.o
	cc -O   -DMHRC -DSYS5 -DMHE -DSBACKUP='"\043"' -DSENDMTS -DSMTP -I/usr/include/bsd -c advise.c
	ld -x -r advise.o
	mv a.out advise.o
	cc -O   -DMHRC -DSYS5 -DMHE -DSBACKUP='"\043"' -DSENDMTS -DSMTP -I/usr/include/bsd -c ambigsw.c
	ld -x -r ambigsw.o
	mv a.out ambigsw.o
	cc -O   -DMHRC -DSYS5 -DMHE -DSBACKUP='"\043"' -DSENDMTS -DSMTP -I/usr/include/bsd -c atooi.c
	ld -x -r atooi.o
	mv a.out atooi.o
	cc -O   -DMHRC -DSYS5 -DMHE -DSBACKUP='"\043"' -DSENDMTS -DSMTP -I/usr/include/bsd -c brkstring.c
	ld -x -r brkstring.o
	mv a.out brkstring.o
	cc -O   -DMHRC -DSYS5 -DMHE -DSBACKUP='"\043"' -DSENDMTS -DSMTP -I/usr/include/bsd -c closefds.c
	ld -x -r closefds.o
	mv a.out closefds.o
	cc -O   -DMHRC -DSYS5 -DMHE -DSBACKUP='"\043"' -DSENDMTS -DSMTP -I/usr/include/bsd -c concat.c
	ld -x -r concat.o
	mv a.out concat.o
	cc -O   -DMHRC -DSYS5 -DMHE -DSBACKUP='"\043"' -DSENDMTS -DSMTP -I/usr/include/bsd -c copy.c
	ld -x -r copy.o
	mv a.out copy.o
	cc -O   -DMHRC -DSYS5 -DMHE -DSBACKUP='"\043"' -DSENDMTS -DSMTP -I/usr/include/bsd -c copyip.c
	ld -x -r copyip.o
	mv a.out copyip.o
	cc -O   -DMHRC -DSYS5 -DMHE -DSBACKUP='"\043"' -DSENDMTS -DSMTP -I/usr/include/bsd -c cpydata.c
	ld -x -r cpydata.o
	mv a.out cpydata.o
	cc -O   -DMHRC -DSYS5 -DMHE -DSBACKUP='"\043"' -DSENDMTS -DSMTP -I/usr/include/bsd -c cpydgst.c
	ld -x -r cpydgst.o
	mv a.out cpydgst.o
	cc -O   -DMHRC -DSYS5 -DMHE -DSBACKUP='"\043"' -DSENDMTS -DSMTP -I/usr/include/bsd -c discard.c
	ld -x -r discard.o
	mv a.out discard.o
	cc -O   -DMHRC -DSYS5 -DMHE -DSBACKUP='"\043"' -DSENDMTS -DSMTP -I/usr/include/bsd -c done.c
	ld -x -r done.o
	mv a.out done.o
	cc -O   -DMHRC -DSYS5 -DMHE -DSBACKUP='"\043"' -DSENDMTS -DSMTP -I/usr/include/bsd -c fdcompare.c
	ld -x -r fdcompare.o
	mv a.out fdcompare.o
	cc -O   -DMHRC -DSYS5 -DMHE -DSBACKUP='"\043"' -DSENDMTS -DSMTP -I/usr/include/bsd -c gans.c
	ld -x -r gans.o
	mv a.out gans.o
	cc -O   -DMHRC -DSYS5 -DMHE -DSBACKUP='"\043"' -DSENDMTS -DSMTP -I/usr/include/bsd -c getans.c
ccom: Warning: getans.c, line 30: illegal pointer combination
          istat = signal (2	, intrser);
      ------------------------------------^
	ld -x -r getans.o
	mv a.out getans.o
	cc -O   -DMHRC -DSYS5 -DMHE -DSBACKUP='"\043"' -DSENDMTS -DSMTP -I/usr/include/bsd -c getanswer.c
	ld -x -r getanswer.o
	mv a.out getanswer.o
	cc -O   -DMHRC -DSYS5 -DMHE -DSBACKUP='"\043"' -DSENDMTS -DSMTP -I/usr/include/bsd -c getcpy.c
	ld -x -r getcpy.o
	mv a.out getcpy.o
	cc -O   -DMHRC -DSYS5 -DMHE -DSBACKUP='"\043"' -DSENDMTS -DSMTP -I/usr/include/bsd -c help.c
	ld -x -r help.o
	mv a.out help.o
	cc -O   -DMHRC -DSYS5 -DMHE -DSBACKUP='"\043"' -DSENDMTS -DSMTP -I/usr/include/bsd -c fmtcompile.c
	ld -x -r fmtcompile.o
	mv a.out fmtcompile.o
	cc -O   -DMHRC -DSYS5 -DMHE -DSBACKUP='"\043"' -DSENDMTS -DSMTP -I/usr/include/bsd -c formataddr.c
	ld -x -r formataddr.o
	mv a.out formataddr.o
	cc -O   -DMHRC -DSYS5 -DMHE -DSBACKUP='"\043"' -DSENDMTS -DSMTP -I/usr/include/bsd -c formatsbr.c

uopt: Warning: fmtscan: this procedure not optimized because it
      exceeds size threshold; to optimize this procedure, use -Olimit option
      with value >=  520.
	ld -x -r formatsbr.o
	mv a.out formatsbr.o
	cc -O   -DMHRC -DSYS5 -DMHE -DSBACKUP='"\043"' -DSENDMTS -DSMTP -I/usr/include/bsd -c m_atoi.c
	ld -x -r m_atoi.o
	mv a.out m_atoi.o
	cc -O   -DMHRC -DSYS5 -DMHE -DSBACKUP='"\043"' -DSENDMTS -DSMTP -I/usr/include/bsd -c m_backup.c
	ld -x -r m_backup.o
	mv a.out m_backup.o
	cc -O   -DMHRC -DSYS5 -DMHE -DSBACKUP='"\043"' -DSENDMTS -DSMTP -I/usr/include/bsd -c m_convert.c
	ld -x -r m_convert.o
	mv a.out m_convert.o
	cc -O   -DMHRC -DSYS5 -DMHE -DSBACKUP='"\043"' -DSENDMTS -DSMTP -I/usr/include/bsd -c m_delete.c
	ld -x -r m_delete.o
	mv a.out m_delete.o
	cc -O   -DMHRC -DSYS5 -DMHE -DSBACKUP='"\043"' -DSENDMTS -DSMTP -I/usr/include/bsd -c m_draft.c
	ld -x -r m_draft.o
	mv a.out m_draft.o
	cc -O   -DMHRC -DSYS5 -DMHE -DSBACKUP='"\043"' -DSENDMTS -DSMTP -I/usr/include/bsd -c m_find.c
	ld -x -r m_find.o
	mv a.out m_find.o
	cc -O   -DMHRC -DSYS5 -DMHE -DSBACKUP='"\043"' -DSENDMTS -DSMTP -I/usr/include/bsd -c m_fmsg.c
	ld -x -r m_fmsg.o
	mv a.out m_fmsg.o
	cc -O   -DMHRC -DSYS5 -DMHE -DSBACKUP='"\043"' -DSENDMTS -DSMTP -I/usr/include/bsd -c m_foil.c
	ld -x -r m_foil.o
	mv a.out m_foil.o
	cc -O   -DMHRC -DSYS5 -DMHE -DSBACKUP='"\043"' -DSENDMTS -DSMTP -I/usr/include/bsd -c m_getdefs.c
	ld -x -r m_getdefs.o
	mv a.out m_getdefs.o
	cc -O   -DMHRC -DSYS5 -DMHE -DSBACKUP='"\043"' -DSENDMTS -DSMTP -I/usr/include/bsd -c m_getfld.c
	ld -x -r m_getfld.o
	mv a.out m_getfld.o
	cc -O   -DMHRC -DSYS5 -DMHE -DSBACKUP='"\043"' -DSENDMTS -DSMTP -I/usr/include/bsd -c m_getfolder.c
	ld -x -r m_getfolder.o
	mv a.out m_getfolder.o
	cc -O   -DMHRC -DSYS5 -DMHE -DSBACKUP='"\043"' -DSENDMTS -DSMTP -I/usr/include/bsd -c m_gmprot.c
	ld -x -r m_gmprot.o
	mv a.out m_gmprot.o
	cc -O   -DMHRC -DSYS5 -DMHE -DSBACKUP='"\043"' -DSENDMTS -DSMTP -I/usr/include/bsd -c m_gmsg.c
	ld -x -r m_gmsg.o
	mv a.out m_gmsg.o
	cc -O   -DMHRC -DSYS5 -DMHE -DSBACKUP='"\043"' -DSENDMTS -DSMTP -I/usr/include/bsd -c m_maildir.c
	ld -x -r m_maildir.o
	mv a.out m_maildir.o
	cc -O   -DMHRC -DSYS5 -DMHE -DSBACKUP='"\043"' -DSENDMTS -DSMTP -I/usr/include/bsd -c m_name.c
	ld -x -r m_name.o
	mv a.out m_name.o
	cc -O   -DMHRC -DSYS5 -DMHE -DSBACKUP='"\043"' -DSENDMTS -DSMTP -I/usr/include/bsd -c m_readefs.c
	ld -x -r m_readefs.o
	mv a.out m_readefs.o
	cc -O   -DMHRC -DSYS5 -DMHE -DSBACKUP='"\043"' -DSENDMTS -DSMTP -I/usr/include/bsd -c m_remsg.c
	ld -x -r m_remsg.o
	mv a.out m_remsg.o
	cc -O   -DMHRC -DSYS5 -DMHE -DSBACKUP='"\043"' -DSENDMTS -DSMTP -I/usr/include/bsd -c m_replace.c
	ld -x -r m_replace.o
	mv a.out m_replace.o
	cc -O   -DMHRC -DSYS5 -DMHE -DSBACKUP='"\043"' -DSENDMTS -DSMTP -I/usr/include/bsd -c m_scratch.c
	ld -x -r m_scratch.o
	mv a.out m_scratch.o
	cc -O   -DMHRC -DSYS5 -DMHE -DSBACKUP='"\043"' -DSENDMTS -DSMTP -I/usr/include/bsd -c m_seq.c
	ld -x -r m_seq.o
	mv a.out m_seq.o
	cc -O   -DMHRC -DSYS5 -DMHE -DSBACKUP='"\043"' -DSENDMTS -DSMTP -I/usr/include/bsd -c m_seqbits.c
	ld -x -r m_seqbits.o
	mv a.out m_seqbits.o
	cc -O   -DMHRC -DSYS5 -DMHE -DSBACKUP='"\043"' -DSENDMTS -DSMTP -I/usr/include/bsd -c m_seqflag.c
	ld -x -r m_seqflag.o
	mv a.out m_seqflag.o
	cc -O   -DMHRC -DSYS5 -DMHE -DSBACKUP='"\043"' -DSENDMTS -DSMTP -I/usr/include/bsd -c m_seqnew.c
	ld -x -r m_seqnew.o
	mv a.out m_seqnew.o
	cc -O   -DMHRC -DSYS5 -DMHE -DSBACKUP='"\043"' -DSENDMTS -DSMTP -I/usr/include/bsd -c m_setcur.c
	ld -x -r m_setcur.o
	mv a.out m_setcur.o
	cc -O   -DMHRC -DSYS5 -DMHE -DSBACKUP='"\043"' -DSENDMTS -DSMTP -I/usr/include/bsd -c m_setseq.c
	ld -x -r m_setseq.o
	mv a.out m_setseq.o
	cc -O   -DMHRC -DSYS5 -DMHE -DSBACKUP='"\043"' -DSENDMTS -DSMTP -I/usr/include/bsd -c m_setvis.c
	ld -x -r m_setvis.o
	mv a.out m_setvis.o
	cc -O   -DMHRC -DSYS5 -DMHE -DSBACKUP='"\043"' -DSENDMTS -DSMTP -I/usr/include/bsd -c m_sync.c
ccom: Warning: m_sync.c, line 69: illegal pointer combination
      		hstat = signal (1	, (void (*)())1);
      --------------------------------------------------^
ccom: Warning: m_sync.c, line 70: illegal pointer combination
      		istat = signal (2	, (void (*)())1);
      --------------------------------------------------^
ccom: Warning: m_sync.c, line 71: illegal pointer combination
      		qstat = signal (3	, (void (*)())1);
      --------------------------------------------------^
ccom: Warning: m_sync.c, line 72: illegal pointer combination
      		tstat = signal (15	, (void (*)())1);
      --------------------------------------------------^
	ld -x -r m_sync.o
	mv a.out m_sync.o
	cc -O   -DMHRC -DSYS5 -DMHE -DSBACKUP='"\043"' -DSENDMTS -DSMTP -I/usr/include/bsd -c m_tmpfil.c
	ld -x -r m_tmpfil.o
	mv a.out m_tmpfil.o
	cc -O   -DMHRC -DSYS5 -DMHE -DSBACKUP='"\043"' -DSENDMTS -DSMTP -I/usr/include/bsd -c m_update.c
ccom: Warning: m_update.c, line 29: illegal pointer combination
          hstat = signal (1	, (void (*)())1);
      ------------------------------------------^
ccom: Warning: m_update.c, line 30: illegal pointer combination
          istat = signal (2	, (void (*)())1);
      ------------------------------------------^
ccom: Warning: m_update.c, line 31: illegal pointer combination
          qstat = signal (3	, (void (*)())1);
      ------------------------------------------^
ccom: Warning: m_update.c, line 32: illegal pointer combination
          tstat = signal (15	, (void (*)())1);
      ------------------------------------------^
	ld -x -r m_update.o
	mv a.out m_update.o
	cc -O   -DMHRC -DSYS5 -DMHE -DSBACKUP='"\043"' -DSENDMTS -DSMTP -I/usr/include/bsd -c m_whatnow.c
	ld -x -r m_whatnow.o
	mv a.out m_whatnow.o
	cc -O   -DMHRC -DSYS5 -DMHE -DSBACKUP='"\043"' -DSENDMTS -DSMTP -I/usr/include/bsd -c makedir.c
	ld -x -r makedir.o
	mv a.out makedir.o
	cc -O   -DMHRC -DSYS5 -DMHE -DSBACKUP='"\043"' -DSENDMTS -DSMTP -I/usr/include/bsd -c path.c
	ld -x -r path.o
	mv a.out path.o
	cc -O   -DMHRC -DSYS5 -DMHE -DSBACKUP='"\043"' -DSENDMTS -DSMTP -I/usr/include/bsd -c peekc.c
	ld -x -r peekc.o
	mv a.out peekc.o
	cc -O   -DMHRC -DSYS5 -DMHE -DSBACKUP='"\043"' -DSENDMTS -DSMTP -I/usr/include/bsd -c pidwait.c
ccom: Warning: pidwait.c, line 24: illegal pointer combination
      	hstat = signal (1	, (void (*)())1);
      ------------------------------------------^
ccom: Warning: pidwait.c, line 25: illegal pointer combination
      	istat = signal (2	, (void (*)())1);
      ------------------------------------------^
ccom: Warning: pidwait.c, line 26: illegal pointer combination
      	qstat = signal (3	, (void (*)())1);
      ------------------------------------------^
ccom: Warning: pidwait.c, line 27: illegal pointer combination
      	tstat = signal (15	, (void (*)())1);
      ------------------------------------------^
	ld -x -r pidwait.o
	mv a.out pidwait.o
	cc -O   -DMHRC -DSYS5 -DMHE -DSBACKUP='"\043"' -DSENDMTS -DSMTP -I/usr/include/bsd -c pidstatus.c
	ld -x -r pidstatus.o
	mv a.out pidstatus.o
	cc -O   -DMHRC -DSYS5 -DMHE -DSBACKUP='"\043"' -DSENDMTS -DSMTP -I/usr/include/bsd -c printsw.c
	ld -x -r printsw.o
	mv a.out printsw.o
	cc -O   -DMHRC -DSYS5 -DMHE -DSBACKUP='"\043"' -DSENDMTS -DSMTP -I/usr/include/bsd -c push.c
	ld -x -r push.o
	mv a.out push.o
	cc -O   -DMHRC -DSYS5 -DMHE -DSBACKUP='"\043"' -DSENDMTS -DSMTP -I/usr/include/bsd -c putenv.c
	ld -x -r putenv.o
	mv a.out putenv.o
	cc -O   -DMHRC -DSYS5 -DMHE -DSBACKUP='"\043"' -DSENDMTS -DSMTP -I/usr/include/bsd -c pwd.c
	ld -x -r pwd.o
	mv a.out pwd.o
	cc -O   -DMHRC -DSYS5 -DMHE -DSBACKUP='"\043"' -DSENDMTS -DSMTP -I/usr/include/bsd -c refile.c
	ld -x -r refile.o
	mv a.out refile.o
	cc -O   -DMHRC -DSYS5 -DMHE -DSBACKUP='"\043"' -DSENDMTS -DSMTP -I/usr/include/bsd -c remdir.c
	ld -x -r remdir.o
	mv a.out remdir.o
	cc -O   -DMHRC -DSYS5 -DMHE -DSBACKUP='"\043"' -DSENDMTS -DSMTP -I/usr/include/bsd -c r1bindex.c
	ld -x -r r1bindex.o
	mv a.out r1bindex.o
	cc -O   -DMHRC -DSYS5 -DMHE -DSBACKUP='"\043"' -DSENDMTS -DSMTP -I/usr/include/bsd -c showfile.c
	ld -x -r showfile.o
	mv a.out showfile.o
	cc -O   -DMHRC -DSYS5 -DMHE -DSBACKUP='"\043"' -DSENDMTS -DSMTP -I/usr/include/bsd -c smatch.c
	ld -x -r smatch.o
	mv a.out smatch.o
	cc -O   -DMHRC -DSYS5 -DMHE -DSBACKUP='"\043"' -DSENDMTS -DSMTP -I/usr/include/bsd -c sprintb.c
	ld -x -r sprintb.o
	mv a.out sprintb.o
	cc -O   -DMHRC -DSYS5 -DMHE -DSBACKUP='"\043"' -DSENDMTS -DSMTP -I/usr/include/bsd -c ssequal.c
	ld -x -r ssequal.o
	mv a.out ssequal.o
	cc -O   -DMHRC -DSYS5 -DMHE -DSBACKUP='"\043"' -DSENDMTS -DSMTP -I/usr/include/bsd -c strindex.c
	ld -x -r strindex.o
	mv a.out strindex.o
	cc -O   -DMHRC -DSYS5 -DMHE -DSBACKUP='"\043"' -DSENDMTS -DSMTP -I/usr/include/bsd -c trimcpy.c
	ld -x -r trimcpy.o
	mv a.out trimcpy.o
	cc -O   -DMHRC -DSYS5 -DMHE -DSBACKUP='"\043"' -DSENDMTS -DSMTP -I/usr/include/bsd -c uleq.c
	ld -x -r uleq.o
	mv a.out uleq.o
	cc -O   -DMHRC -DSYS5 -DMHE -DSBACKUP='"\043"' -DSENDMTS -DSMTP -I/usr/include/bsd -c uprf.c
	ld -x -r uprf.o
	mv a.out uprf.o
	cc -O   -DMHRC -DSYS5 -DMHE -DSBACKUP='"\043"' -DSENDMTS -DSMTP -I/usr/include/bsd -c vfgets.c
	ld -x -r vfgets.o
	mv a.out vfgets.o
	mv libmh.a zlibmh.a
mv: libmh.a: No such file or directory
*** Error code 2 (ignored)
	ar r libmh.a add.o adios.o admonish.o addrsbr.o advertise.o advise.o  ambigsw.o atooi.o brkstring.o closefds.o concat.o copy.o  copyip.o cpydata.o cpydgst.o discard.o done.o fdcompare.o  gans.o getans.o getanswer.o getcpy.o help.o fmtcompile.o  formataddr.o formatsbr.o m_atoi.o m_backup.o m_convert.o  m_delete.o m_draft.o m_find.o m_fmsg.o m_foil.o m_getdefs.o  m_getfld.o m_getfolder.o m_gmprot.o m_gmsg.o m_maildir.o  m_name.o m_readefs.o m_remsg.o m_replace.o m_scratch.o  m_seq.o m_seqbits.o m_seqflag.o m_seqnew.o m_setcur.o  m_setseq.o m_setvis.o m_sync.o m_tmpfil.o m_update.o  m_whatnow.o makedir.o path.o peekc.o pidwait.o pidstatus.o  printsw.o push.o putenv.o pwd.o refile.o remdir.o r1bindex.o  showfile.o smatch.o sprintb.o ssequal.o strindex.o trimcpy.o  uleq.o uprf.o vfgets.o; ranlib libmh.a
ar: Warning: creating libmh.a
-rw-rw-r--   1 root     other     141476 Jan 18 21:05 libmh.a
MH library built normally
	for d in sendmail; do (cd $d; make DESTDIR=  all); done
	cc -O    -DMHRC -DSYS5 -DMHE -DSBACKUP='"\043"' -DSENDMTS -DSMTP -I/usr/include/bsd -I.. -c hosts.c
	ld -x -r hosts.o
	mv a.out hosts.o
	cc -O    -DMHRC -DSYS5 -DMHE -DSBACKUP='"\043"' -DSENDMTS -DSMTP -I/usr/include/bsd -I.. -c smail.c
	ld -x -r smail.o
	mv a.out smail.o
	mv sendmts.a zsendmts.a
mv: sendmts.a: No such file or directory
*** Error code 2 (ignored)
	ar r sendmts.a hosts.o smail.o; ranlib sendmts.a
ar: Warning: creating sendmts.a
	rm -f ../libmts.a
	ln sendmts.a ../libmts.a
	rm -f ../llib-lmts
	ln llib-lsendmail ../llib-lmts
-rw-rw-r--   2 root     other      14650 Jan 18 21:05 sendmts.a
SendMail/SMTP-MTS library built normally
	for d in mts bboards tws mf; do (cd $d; make DESTDIR=  all); done
	cc -O    -DMHRC -DSYS5 -DMHE -DSBACKUP='"\043"' -DSENDMTS -DSMTP -I/usr/include/bsd -I.. -c mts.c
	cc -O    -DMHRC -DSYS5 -DMHE -DSBACKUP='"\043"' -DSENDMTS -DSMTP -I/usr/include/bsd -I.. -c lock.c
	cc -O    -DMHRC -DSYS5 -DMHE -DSBACKUP='"\043"' -DSENDMTS -DSMTP -I/usr/include/bsd -I.. -c client.c
	cc -O    -DMHRC -DSYS5 -DMHE -DSBACKUP='"\043"' -DSENDMTS -DSMTP -I/usr/include/bsd -I.. -c getbbent.c
	lex -nt dtimep.lex | sed -f lexedit.sed > dtimep.c
	cc -O    -DMHRC -DSYS5 -DMHE -DSBACKUP='"\043"' -DSENDMTS -DSMTP -I/usr/include/bsd -I.. -c dtimep.c
ccom: Warning: dtimep.c, line 344: statement not reached
      } return(0); }
      -----------^
	cc -O    -DMHRC -DSYS5 -DMHE -DSBACKUP='"\043"' -DSENDMTS -DSMTP -I/usr/include/bsd -I.. -c -DONECASE lexstring.c
	cc -O    -DMHRC -DSYS5 -DMHE -DSBACKUP='"\043"' -DSENDMTS -DSMTP -I/usr/include/bsd -I.. -c dtime.c
	cc -O    -DMHRC -DSYS5 -DMHE -DSBACKUP='"\043"' -DSENDMTS -DSMTP -I/usr/include/bsd -I.. -c date.c
	cc -O -o date date.o dtime.o  -lbsd
	cc -O    -DMHRC -DSYS5 -DMHE -DSBACKUP='"\043"' -DSENDMTS -DSMTP -I/usr/include/bsd -I.. -c mf.c
	mv libzot.a zlibzot.a
mv: libzot.a: No such file or directory
*** Error code 2 (ignored)
	ar r libzot.a mts/mts.o mts/lock.o mts/client.o mf/mf.o  bboards/getbbent.o  tws/dtime.o tws/dtimep.o tws/lexstring.o; ranlib libzot.a
ar: Warning: creating libzot.a
-rw-rw-r--   1 root     other      97728 Jan 18 21:06 libzot.a
ZOTnet library built normally
	cc -O   -DMHRC -DSYS5 -DMHE -DSBACKUP='"\043"' -DSENDMTS -DSMTP -I/usr/include/bsd -c version.c
	cc -O   -DMHRC -DSYS5 -DMHE -DSBACKUP='"\043"' -DSENDMTS -DSMTP -I/usr/include/bsd -c ali.c
	cc -O   -DMHRC -DSYS5 -DMHE -DSBACKUP='"\043"' -DSENDMTS -DSMTP -I/usr/include/bsd -c aliasbr.c
	cc -O -o xali ali.o aliasbr.o ../config/config.o ../sbr/libmh.a ../mts/libmts.a  ../zotnet/libzot.a version.o -lbsd
	cc -O   -DMHRC -DSYS5 -DMHE -DSBACKUP='"\043"' -DSENDMTS -DSMTP -I/usr/include/bsd -c anno.c
	cc -O   -DMHRC -DSYS5 -DMHE -DSBACKUP='"\043"' -DSENDMTS -DSMTP -I/usr/include/bsd -c annosbr.c
	cc -O -o xanno anno.o annosbr.o ../config/config.o ../sbr/libmh.a ../mts/libmts.a  ../zotnet/libzot.a version.o -lbsd
	cc -O   -DMHRC -DSYS5 -DMHE -DSBACKUP='"\043"' -DSENDMTS -DSMTP -I/usr/include/bsd -c burst.c
	cc -O -o xburst burst.o ../config/config.o ../sbr/libmh.a ../mts/libmts.a  ../zotnet/libzot.a version.o -lbsd
	cc -O   -DMHRC -DSYS5 -DMHE -DSBACKUP='"\043"' -DSENDMTS -DSMTP -I/usr/include/bsd -c comp.c
	cc -O   -DMHRC -DSYS5 -DMHE -DSBACKUP='"\043"' -DSENDMTS -DSMTP -I/usr/include/bsd -c whatnowsbr.c
	cc -O   -DMHRC -DSYS5 -DMHE -DSBACKUP='"\043"' -DSENDMTS -DSMTP -I/usr/include/bsd -c sendsbr.c
ccom: Warning: sendsbr.c, line 249: illegal pointer combination
      	    hstat = signal (1	, (void (*)())1);
      ------------------------------------------^
ccom: Warning: sendsbr.c, line 250: illegal pointer combination
      	    istat = signal (2	, (void (*)())1);
      ------------------------------------------^
ccom: Warning: sendsbr.c, line 251: illegal pointer combination
      	    qstat = signal (3	, (void (*)())1);
      ------------------------------------------^
ccom: Warning: sendsbr.c, line 252: illegal pointer combination
      	    tstat = signal (15	, (void (*)())1);
      ------------------------------------------^
	cc -O   -DMHRC -DSYS5 -DMHE -DSBACKUP='"\043"' -DSENDMTS -DSMTP -I/usr/include/bsd -c distsbr.c
	cc -O -o xcomp comp.o \
			whatnowsbr.o sendsbr.o annosbr.o distsbr.o ../config/config.o ../sbr/libmh.a ../mts/libmts.a  ../zotnet/libzot.a version.o -lbsd 
	cc -O   -DMHRC -DSYS5 -DMHE -DSBACKUP='"\043"' -DSENDMTS -DSMTP -I/usr/include/bsd -c dist.c
	cc -O -o xdist dist.o \
			whatnowsbr.o sendsbr.o annosbr.o distsbr.o ../config/config.o ../sbr/libmh.a ../mts/libmts.a  ../zotnet/libzot.a version.o -lbsd 
	cc -O   -DMHRC -DSYS5 -DMHE -DSBACKUP='"\043"' -DSENDMTS -DSMTP -I/usr/include/bsd -c folder.c
	cc -O -o xfolder folder.o ../config/config.o ../sbr/libmh.a ../mts/libmts.a  ../zotnet/libzot.a version.o -lbsd 
	cc -O   -DMHRC -DSYS5 -DMHE -DSBACKUP='"\043"' -DSENDMTS -DSMTP -I/usr/include/bsd -c forw.c
	cc -O -o xforw forw.o \
			whatnowsbr.o sendsbr.o annosbr.o distsbr.o ../config/config.o ../sbr/libmh.a ../mts/libmts.a  ../zotnet/libzot.a version.o -lbsd 
	cc -O   -DMHRC -DSYS5 -DMHE -DSBACKUP='"\043"' -DSENDMTS -DSMTP -I/usr/include/bsd -c inc.c
	cc -O   -DMHRC -DSYS5 -DMHE -DSBACKUP='"\043"' -DSENDMTS -DSMTP -I/usr/include/bsd -c scansbr.c
	cc -O   -DMHRC -DSYS5 -DMHE -DSBACKUP='"\043"' -DSENDMTS -DSMTP -I/usr/include/bsd -c dropsbr.c
	cc -O   -DMHRC -DSYS5 -DMHE -DSBACKUP='"\043"' -DSENDMTS -DSMTP -I/usr/include/bsd -c trmsbr.c
	cc -O -o xinc inc.o scansbr.o \
			dropsbr.o trmsbr.o   ../config/config.o ../sbr/libmh.a ../mts/libmts.a  ../zotnet/libzot.a version.o -lbsd \
			-lcurses -ltermlib
	cc -O   -DMHRC -DSYS5 -DMHE -DSBACKUP='"\043"' -DSENDMTS -DSMTP -I/usr/include/bsd -c mark.c
	cc -O -o xmark mark.o ../config/config.o ../sbr/libmh.a ../mts/libmts.a  ../zotnet/libzot.a version.o -lbsd 
	cc -O   -DMHRC -DSYS5 -DMHE -DSBACKUP='"\043"' -DSENDMTS -DSMTP -I/usr/include/bsd -c mhmail.c
	cc -O -o xmhmail mhmail.o ../config/config.o ../sbr/libmh.a ../mts/libmts.a  ../zotnet/libzot.a version.o -lbsd
	cc -O   -DMHRC -DSYS5 -DMHE -DSBACKUP='"\043"' -DSENDMTS -DSMTP -I/usr/include/bsd -c mhpath.c
	cc -O -o xmhpath mhpath.o ../config/config.o ../sbr/libmh.a ../mts/libmts.a  ../zotnet/libzot.a version.o -lbsd
	cc -O   -DMHRC -DSYS5 -DMHE -DSBACKUP='"\043"' -DSENDMTS -DSMTP -I/usr/include/bsd -c msgchk.c
	cc -O -o xmsgchk msgchk.o  ../config/config.o ../sbr/libmh.a ../mts/libmts.a  ../zotnet/libzot.a version.o -lbsd
	cc -O   -DMHRC -DSYS5 -DMHE -DSBACKUP='"\043"' -DSENDMTS -DSMTP -I/usr/include/bsd -c msh.c
ccom: Warning: msh.c, line 324: illegal pointer combination
          	if ((istat = signal ( 2	, (void (*)())1)) != (void (*)())1) 			    (void) signal ( 2	,  intrser);
      --------------------------------------------------^
ccom: Warning: msh.c, line 324: illegal pointer combination
          	if ((istat = signal ( 2	, (void (*)())1)) != (void (*)())1) 			    (void) signal ( 2	,  intrser);
      --------------------------------------------------------------------^
ccom: Warning: msh.c, line 325: illegal pointer combination
          	if ((qstat = signal ( 3	, (void (*)())1)) != (void (*)())1) 			    (void) signal ( 3	,  quitser);
      --------------------------------------------------^
ccom: Warning: msh.c, line 325: illegal pointer combination
          	if ((qstat = signal ( 3	, (void (*)())1)) != (void (*)())1) 			    (void) signal ( 3	,  quitser);
      --------------------------------------------------------------------^
ccom: Warning: msh.c, line 2383: illegal pointer combination
      	    pstat = signal (13	, pipeser);
      ------------------------------------^
	cc -O   -DMHRC -DSYS5 -DMHE -DSBACKUP='"\043"' -DSENDMTS -DSMTP -I/usr/include/bsd -c mshcmds.c
	cc -O   -DMHRC -DSYS5 -DMHE -DSBACKUP='"\043"' -DSENDMTS -DSMTP -I/usr/include/bsd -c vmhsbr.c
	cc -O   -DMHRC -DSYS5 -DMHE -DSBACKUP='"\043"' -DSENDMTS -DSMTP -I/usr/include/bsd -c picksbr.c
	cc -O   -DMHRC -DSYS5 -DMHE -DSBACKUP='"\043"' -DSENDMTS -DSMTP -I/usr/include/bsd -c mhlsbr.c
ccom: Warning: mhlsbr.c, line 1668: illegal pointer combination
      	    if ((istat = signal (2	, (void (*)())1)) != (void(*)())0)
      --------------------------------------------------^
ccom: Warning: mhlsbr.c, line 1668: illegal pointer combination
      	    if ((istat = signal (2	, (void (*)())1)) != (void(*)())0)
      -------------------------------------------------------------------^
ccom: Warning: mhlsbr.c, line 1670: illegal pointer combination
      	    if ((qstat = signal (3	, (void (*)())1)) != (void(*)())0)
      --------------------------------------------------^
ccom: Warning: mhlsbr.c, line 1670: illegal pointer combination
      	    if ((qstat = signal (3	, (void (*)())1)) != (void(*)())0)
      -------------------------------------------------------------------^
ccom: Warning: mhlsbr.c, line 1672: illegal pointer combination
      	    pstat = signal (13	, pipeser);
      ------------------------------------^
	cc -O -o xmsh msh.o mshcmds.o vmhsbr.o \
			picksbr.o scansbr.o dropsbr.o mhlsbr.o trmsbr.o \
			 ../config/config.o ../sbr/libmh.a ../mts/libmts.a  ../zotnet/libzot.a version.o -lbsd -lcurses -ltermlib
	cc -O   -DMHRC -DSYS5 -DMHE -DSBACKUP='"\043"' -DSENDMTS -DSMTP -I/usr/include/bsd -c show.c
	cc -O -o xshow show.o \
			mhlsbr.o trmsbr.o ../config/config.o ../sbr/libmh.a ../mts/libmts.a  ../zotnet/libzot.a version.o -lbsd -lcurses -ltermlib
	cc -O   -DMHRC -DSYS5 -DMHE -DSBACKUP='"\043"' -DSENDMTS -DSMTP -I/usr/include/bsd -c packf.c
	cc -O -o xpackf packf.o dropsbr.o ../config/config.o ../sbr/libmh.a ../mts/libmts.a  ../zotnet/libzot.a version.o -lbsd
	cc -O   -DMHRC -DSYS5 -DMHE -DSBACKUP='"\043"' -DSENDMTS -DSMTP -I/usr/include/bsd -c pick.c
	cc -O -o xpick pick.o picksbr.o ../config/config.o ../sbr/libmh.a ../mts/libmts.a  ../zotnet/libzot.a version.o -lbsd
	cc -O   -DMHRC -DSYS5 -DMHE -DSBACKUP='"\043"' -DSENDMTS -DSMTP -I/usr/include/bsd -c prompter.c
	cc -O -o xprompter prompter.o ../config/config.o ../sbr/libmh.a ../mts/libmts.a  ../zotnet/libzot.a version.o -lbsd
	cc -O   -DMHRC -DSYS5 -DMHE -DSBACKUP='"\043"' -DSENDMTS -DSMTP -I/usr/include/bsd -c refile.c
	cc -O -o xrefile refile.o ../config/config.o ../sbr/libmh.a ../mts/libmts.a  ../zotnet/libzot.a version.o -lbsd 
	cc -O   -DMHRC -DSYS5 -DMHE -DSBACKUP='"\043"' -DSENDMTS -DSMTP -I/usr/include/bsd -c repl.c
	cc -O   -DMHRC -DSYS5 -DMHE -DSBACKUP='"\043"' -DSENDMTS -DSMTP -I/usr/include/bsd -c replsbr.c
	cc -O -o xrepl repl.o replsbr.o \
			whatnowsbr.o sendsbr.o annosbr.o distsbr.o ../config/config.o ../sbr/libmh.a ../mts/libmts.a  ../zotnet/libzot.a version.o -lbsd
	cc -O   -DMHRC -DSYS5 -DMHE -DSBACKUP='"\043"' -DSENDMTS -DSMTP -I/usr/include/bsd -c rmf.c
	cc -O -o xrmf rmf.o ../config/config.o ../sbr/libmh.a ../mts/libmts.a  ../zotnet/libzot.a version.o -lbsd
	cc -O   -DMHRC -DSYS5 -DMHE -DSBACKUP='"\043"' -DSENDMTS -DSMTP -I/usr/include/bsd -c rmm.c
	cc -O -o xrmm rmm.o ../config/config.o ../sbr/libmh.a ../mts/libmts.a  ../zotnet/libzot.a version.o -lbsd
	cc -O   -DMHRC -DSYS5 -DMHE -DSBACKUP='"\043"' -DSENDMTS -DSMTP -I/usr/include/bsd -c scan.c
	cc -O -o xscan scan.o \
			scansbr.o trmsbr.o ../config/config.o ../sbr/libmh.a ../mts/libmts.a  ../zotnet/libzot.a version.o -lbsd -lcurses -ltermlib
	cc -O   -DMHRC -DSYS5 -DMHE -DSBACKUP='"\043"' -DSENDMTS -DSMTP -I/usr/include/bsd -c send.c
	cc -O -o xsend send.o \
			sendsbr.o annosbr.o distsbr.o ../config/config.o ../sbr/libmh.a ../mts/libmts.a  ../zotnet/libzot.a version.o -lbsd
	cc -O   -DMHRC -DSYS5 -DMHE -DSBACKUP='"\043"' -DSENDMTS -DSMTP -I/usr/include/bsd -c sortm.c
	cc -O -o xsortm sortm.o ../config/config.o ../sbr/libmh.a ../mts/libmts.a  ../zotnet/libzot.a version.o -lbsd
	cc -O   -DMHRC -DSYS5 -DMHE -DSBACKUP='"\043"' -DSENDMTS -DSMTP -I/usr/include/bsd -c vmh.c
ccom: Warning: vmh.c, line 438: illegal pointer combination
          hstat = signal (1	, (void (*)())1);
      ------------------------------------------^
ccom: Warning: vmh.c, line 439: illegal pointer combination
          istat = signal (2	, (void (*)())1);
      ------------------------------------------^
ccom: Warning: vmh.c, line 440: illegal pointer combination
          qstat = signal (3	, (void (*)())1);
      ------------------------------------------^
ccom: Warning: vmh.c, line 441: illegal pointer combination
          tstat = signal (15	, (void (*)())1);
      ------------------------------------------^
ccom: Warning: vmh.c, line 627: illegal combination of pointer and integer, op ==
          if (initscr () == (-1))
      --------------------------^
	cc -O -o xvmh vmh.o vmhsbr.o ../config/config.o ../sbr/libmh.a ../mts/libmts.a  ../zotnet/libzot.a version.o -lbsd -lcurses -ltermlib
	cc -O   -DMHRC -DSYS5 -DMHE -DSBACKUP='"\043"' -DSENDMTS -DSMTP -I/usr/include/bsd -c whatnow.c
	cc -O -o xwhatnow whatnow.o \
			whatnowsbr.o sendsbr.o annosbr.o distsbr.o ../config/config.o ../sbr/libmh.a ../mts/libmts.a  ../zotnet/libzot.a version.o -lbsd
	cc -O   -DMHRC -DSYS5 -DMHE -DSBACKUP='"\043"' -DSENDMTS -DSMTP -I/usr/include/bsd -c whom.c
	cc -O -o xwhom whom.o distsbr.o ../config/config.o ../sbr/libmh.a ../mts/libmts.a  ../zotnet/libzot.a version.o -lbsd
	cc -O   -DMHRC -DSYS5 -DMHE -DSBACKUP='"\043"' -DSENDMTS -DSMTP -I/usr/include/bsd -c bbc.c
ccom: Warning: bbc.c, line 603: illegal pointer combination
          estat = signal (7	, sigser);
      -----------------------------------^
ccom: Warning: bbc.c, line 604: illegal pointer combination
          hstat = signal (1	, hupser);
      -----------------------------------^
ccom: Warning: bbc.c, line 605: illegal pointer combination
          istat = signal (2	, (void (*)())1);
      ------------------------------------------^
ccom: Warning: bbc.c, line 606: illegal pointer combination
          qstat = signal (3	, (void (*)())1);
      ------------------------------------------^
ccom: Warning: bbc.c, line 607: illegal pointer combination
          tstat = signal (15	, sigser);
      -----------------------------------^
ccom: Warning: bbc.c, line 732: illegal pointer combination
          hstat = signal (1	, (void (*)())1);
      ------------------------------------------^
ccom: Warning: bbc.c, line 733: illegal pointer combination
          istat = signal (2	, (void (*)())1);
      ------------------------------------------^
ccom: Warning: bbc.c, line 734: illegal pointer combination
          qstat = signal (3	, (void (*)())1);
      ------------------------------------------^
ccom: Warning: bbc.c, line 735: illegal pointer combination
          tstat = signal (15	, (void (*)())1);
      ------------------------------------------^
	cc -O -o xbbc bbc.o  ../config/config.o ../sbr/libmh.a ../mts/libmts.a  ../zotnet/libzot.a version.o -lbsd
	cc -O   -DMHRC -DSYS5 -DMHE -DSBACKUP='"\043"' -DSENDMTS -DSMTP -I/usr/include/bsd -c bbl.c
	cc -O -o xbbl bbl.o ../config/config.o ../sbr/libmh.a ../mts/libmts.a  ../zotnet/libzot.a version.o -lbsd
	cc -O   -DMHRC -DSYS5 -DMHE -DSBACKUP='"\043"' -DSENDMTS -DSMTP -I/usr/include/bsd -c ap.c
	cc -O -o xap ap.o trmsbr.o ../config/config.o ../sbr/libmh.a ../mts/libmts.a  ../zotnet/libzot.a version.o -lbsd -lcurses -ltermlib
	cc -O   -DMHRC -DSYS5 -DMHE -DSBACKUP='"\043"' -DSENDMTS -DSMTP -I/usr/include/bsd -c conflict.c
	cc -O -o xconflict conflict.o aliasbr.o ../config/config.o ../sbr/libmh.a ../mts/libmts.a  ../zotnet/libzot.a version.o -lbsd
	cc -O   -DMHRC -DSYS5 -DMHE -DSBACKUP='"\043"' -DSENDMTS -DSMTP -I/usr/include/bsd -c dp.c
	cc -O -o xdp dp.o trmsbr.o ../config/config.o ../sbr/libmh.a ../mts/libmts.a  ../zotnet/libzot.a version.o -lbsd -lcurses -ltermlib
	cc -O   -DMHRC -DSYS5 -DMHE -DSBACKUP='"\043"' -DSENDMTS -DSMTP -I/usr/include/bsd -c install-mh.c
	cc -O -o xinstall-mh install-mh.o ../config/config.o ../sbr/libmh.a ../mts/libmts.a  ../zotnet/libzot.a version.o -lbsd 
	cc -O   -DMHRC -DSYS5 -DMHE -DSBACKUP='"\043"' -DSENDMTS -DSMTP -I/usr/include/bsd -c mhl.c
	cc -O -o xmhl mhl.o \
			mhlsbr.o trmsbr.o ../config/config.o ../sbr/libmh.a ../mts/libmts.a  ../zotnet/libzot.a version.o -lbsd -lcurses -ltermlib
	cc -O   -DMHRC -DSYS5 -DMHE -DSBACKUP='"\043"' -DSENDMTS -DSMTP -I/usr/include/bsd -c post.c
ccom: Warning: post.c, line 2073: illegal pointer combination
          	if ((hstat = signal ( 1	, (void (*)())1)) != (void (*)())1) 			    (void) signal ( 1	,  sigser);
      --------------------------------------------------^
ccom: Warning: post.c, line 2073: illegal pointer combination
          	if ((hstat = signal ( 1	, (void (*)())1)) != (void (*)())1) 			    (void) signal ( 1	,  sigser);
      --------------------------------------------------------------------^
ccom: Warning: post.c, line 2074: illegal pointer combination
          	if ((istat = signal ( 2	, (void (*)())1)) != (void (*)())1) 			    (void) signal ( 2	,  sigser);
      --------------------------------------------------^
ccom: Warning: post.c, line 2074: illegal pointer combination
          	if ((istat = signal ( 2	, (void (*)())1)) != (void (*)())1) 			    (void) signal ( 2	,  sigser);
      --------------------------------------------------------------------^
ccom: Warning: post.c, line 2075: illegal pointer combination
          	if ((qstat = signal ( 3	, (void (*)())1)) != (void (*)())1) 			    (void) signal ( 3	,  sigser);
      --------------------------------------------------^
ccom: Warning: post.c, line 2075: illegal pointer combination
          	if ((qstat = signal ( 3	, (void (*)())1)) != (void (*)())1) 			    (void) signal ( 3	,  sigser);
      --------------------------------------------------------------------^
ccom: Warning: post.c, line 2076: illegal pointer combination
          	if ((tstat = signal ( 15	, (void (*)())1)) != (void (*)())1) 			    (void) signal ( 15	,  sigser);
      ----------------------------------------------------------^
ccom: Warning: post.c, line 2076: illegal pointer combination
          	if ((tstat = signal ( 15	, (void (*)())1)) != (void (*)())1) 			    (void) signal ( 15	,  sigser);
      ----------------------------------------------------------------------------^
	cc -O -o xpost post.o \
			aliasbr.o   ../config/config.o ../sbr/libmh.a ../mts/libmts.a  ../zotnet/libzot.a version.o -lbsd
	cc -O   -DMHRC -DSYS5 -DMHE -DSBACKUP='"\043"' -DSENDMTS -DSMTP -I/usr/include/bsd -c rcvdist.c
	cc -O -o xrcvdist rcvdist.o distsbr.o ../config/config.o ../sbr/libmh.a ../mts/libmts.a  ../zotnet/libzot.a version.o -lbsd
	cc -O   -DMHRC -DSYS5 -DMHE -DSBACKUP='"\043"' -DSENDMTS -DSMTP -I/usr/include/bsd -c rcvpack.c
	cc -O -o xrcvpack rcvpack.o dropsbr.o ../config/config.o ../sbr/libmh.a ../mts/libmts.a  ../zotnet/libzot.a version.o -lbsd
	cc -O   -DMHRC -DSYS5 -DMHE -DSBACKUP='"\043"' -DSENDMTS -DSMTP -I/usr/include/bsd -c rcvstore.c
	cc -O -o xrcvstore rcvstore.o ../config/config.o ../sbr/libmh.a ../mts/libmts.a  ../zotnet/libzot.a version.o -lbsd
	cc -O   -DMHRC -DSYS5 -DMHE -DSBACKUP='"\043"' -DSENDMTS -DSMTP -I/usr/include/bsd -c rcvtty.c
	cc -O   -DMHRC -DSYS5 -DMHE -DSBACKUP='"\043"' -DSENDMTS -DSMTP -I/usr/include/bsd -c ttyw.c
	cc -O -o xrcvtty rcvtty.o \
			scansbr.o trmsbr.o ttyw.o ../config/config.o ../sbr/libmh.a ../mts/libmts.a  ../zotnet/libzot.a version.o -lbsd -lcurses -ltermlib
	cc -O   -DMHRC -DSYS5 -DMHE -DSBACKUP='"\043"' -DSENDMTS -DSMTP -I/usr/include/bsd -c spost.c
	cc -O -o xspost spost.o aliasbr.o ../config/config.o ../sbr/libmh.a ../mts/libmts.a  ../zotnet/libzot.a version.o -lbsd
	cc -O   -DMHRC -DSYS5 -DMHE -DSBACKUP='"\043"' -DSENDMTS -DSMTP -I/usr/include/bsd -c sbboards.c
	cc -O -o xsbboards sbboards.o dropsbr.o ../config/config.o ../sbr/libmh.a ../mts/libmts.a  ../zotnet/libzot.a version.o -lbsd
	cc -O   -DMHRC -DSYS5 -DMHE -DSBACKUP='"\043"' -DSENDMTS -DSMTP -I/usr/include/bsd -c slocal.c
	cc -O -o xslocal slocal.o aliasbr.o dropsbr.o ../config/config.o ../sbr/libmh.a ../mts/libmts.a  ../zotnet/libzot.a version.o -lbsd
	for d in bboards general pop; do (cd $d; make DESTDIR=  all); done
	cc -O  -DMHRC -DSYS5 -DMHE -DSBACKUP='"\043"' -DSENDMTS -DSMTP -I/usr/include/bsd -I.. -c bbaka.c
	cc -O -o xbbaka bbaka.o ../../zotnet/libzot.a -lbsd
	cc -O  -DMHRC -DSYS5 -DMHE -DSBACKUP='"\043"' -DSENDMTS -DSMTP -I/usr/include/bsd -I.. -c bbexp.c
	cc -O -o xbbexp bbexp.o ../../uip/dropsbr.o ../../config/config.o ../../sbr/libmh.a ../../zotnet/libzot.a -lbsd
	cc -O  -DMHRC -DSYS5 -DMHE -DSBACKUP='"\043"' -DSENDMTS -DSMTP -I/usr/include/bsd -I.. -c bbtar.c
	cc -O -o xbbtar bbtar.o ../../zotnet/libzot.a -lbsd
	cat tmac.me ali.me > ali.man
	cat tmac.me anno.me > anno.man
	cat tmac.me burst.me > burst.man
	cat tmac.me comp.me > comp.man
	cat tmac.me dist.me > dist.man
	cat tmac.me folder.me > folder.man
	cat tmac.me forw.me > forw.man
	cat tmac.me inc.me > inc.man
	cat tmac.me mark.me > mark.man
	cat tmac.me mh-chart.me > mh-chart.man
	cat tmac.me mh.me > mh.man
	cat tmac.me mhl.me > mhl.man
	cat tmac.me mhook.me > mhook.man
	cat tmac.me mhmail.me > mhmail.man
	cat tmac.me mhpath.me > mhpath.man
	cat tmac.me msgchk.me > msgchk.man
	cat tmac.me msh.me > msh.man
	cat tmac.me next.me > next.man
	cat tmac.me packf.me > packf.man
	cat tmac.me pick.me > pick.man
	cat tmac.me prev.me > prev.man
	cat tmac.me prompter.me > prompter.man
	cat tmac.me rcvstore.me > rcvstore.man
	cat tmac.me refile.me > refile.man
	cat tmac.me repl.me > repl.man
	cat tmac.me rmf.me > rmf.man
	cat tmac.me rmm.me > rmm.man
	cat tmac.me scan.me > scan.man
	cat tmac.me send.me > send.man
	cat tmac.me show.me > show.man
	cat tmac.me sortm.me > sortm.man
	cat tmac.me vmh.me > vmh.man
	cat tmac.me whatnow.me > whatnow.man
	cat tmac.me whom.me > whom.man
	cat tmac.me bbc.me > bbc.man
	cat tmac.me bbl.me > bbl.man
	cat tmac.me bbleader.me > bbleader.man
	cat tmac.me bboards.me > bboards.man
	cat tmac.me mh-alias.me > mh-alias.man
	cat tmac.me mh-format.me > mh-format.man
	cat tmac.me mh-mail.me > mh-mail.man
	cat tmac.me mh-profile.me > mh-profile.man
	cat tmac.me ap.me > ap.man
	cat tmac.me conflict.me > conflict.man
	cat tmac.me dp.me > dp.man
	cat tmac.me install-mh.me > install-mh.man
	cat tmac.me post.me > post.man
